        -:    0:Source:/home/dylan16/Documents/Datos2/Tarea#2/Tarea#2/Tarea-2/lib/googletest-main/googletest/src/gtest.cc
        -:    0:Graph:/home/dylan16/Documents/Datos2/Tarea#2/Tarea#2/Tarea-2/cmake-build-debug-coverage/lib/googletest-main/googletest/CMakeFiles/gtest.dir/src/gtest-all.cc.gcno
        -:    0:Data:/home/dylan16/Documents/Datos2/Tarea#2/Tarea#2/Tarea-2/cmake-build-debug-coverage/lib/googletest-main/googletest/CMakeFiles/gtest.dir/src/gtest-all.cc.gcda
        -:    0:Runs:1
        -:    1:// Copyright 2005, Google Inc.
        -:    2:// All rights reserved.
        -:    3://
        -:    4:// Redistribution and use in source and binary forms, with or without
        -:    5:// modification, are permitted provided that the following conditions are
        -:    6:// met:
        -:    7://
        -:    8://     * Redistributions of source code must retain the above copyright
        -:    9:// notice, this list of conditions and the following disclaimer.
        -:   10://     * Redistributions in binary form must reproduce the above
        -:   11:// copyright notice, this list of conditions and the following disclaimer
        -:   12:// in the documentation and/or other materials provided with the
        -:   13:// distribution.
        -:   14://     * Neither the name of Google Inc. nor the names of its
        -:   15:// contributors may be used to endorse or promote products derived from
        -:   16:// this software without specific prior written permission.
        -:   17://
        -:   18:// THIS SOFTWARE IS PROVIDED BY THE COPYRIGHT HOLDERS AND CONTRIBUTORS
        -:   19:// "AS IS" AND ANY EXPRESS OR IMPLIED WARRANTIES, INCLUDING, BUT NOT
        -:   20:// LIMITED TO, THE IMPLIED WARRANTIES OF MERCHANTABILITY AND FITNESS FOR
        -:   21:// A PARTICULAR PURPOSE ARE DISCLAIMED. IN NO EVENT SHALL THE COPYRIGHT
        -:   22:// OWNER OR CONTRIBUTORS BE LIABLE FOR ANY DIRECT, INDIRECT, INCIDENTAL,
        -:   23:// SPECIAL, EXEMPLARY, OR CONSEQUENTIAL DAMAGES (INCLUDING, BUT NOT
        -:   24:// LIMITED TO, PROCUREMENT OF SUBSTITUTE GOODS OR SERVICES; LOSS OF USE,
        -:   25:// DATA, OR PROFITS; OR BUSINESS INTERRUPTION) HOWEVER CAUSED AND ON ANY
        -:   26:// THEORY OF LIABILITY, WHETHER IN CONTRACT, STRICT LIABILITY, OR TORT
        -:   27:// (INCLUDING NEGLIGENCE OR OTHERWISE) ARISING IN ANY WAY OUT OF THE USE
        -:   28:// OF THIS SOFTWARE, EVEN IF ADVISED OF THE POSSIBILITY OF SUCH DAMAGE.
        -:   29:
        -:   30://
        -:   31:// The Google C++ Testing and Mocking Framework (Google Test)
        -:   32:
        -:   33:#include "gtest/gtest.h"
        -:   34:
        -:   35:#include <ctype.h>
        -:   36:#include <stdarg.h>
        -:   37:#include <stdio.h>
        -:   38:#include <stdlib.h>
        -:   39:#include <time.h>
        -:   40:#include <wchar.h>
        -:   41:#include <wctype.h>
        -:   42:
        -:   43:#include <algorithm>
        -:   44:#include <chrono>  // NOLINT
        -:   45:#include <cmath>
        -:   46:#include <cstdint>
        -:   47:#include <iomanip>
        -:   48:#include <iterator>
        -:   49:#include <limits>
        -:   50:#include <list>
        -:   51:#include <map>
        -:   52:#include <ostream>  // NOLINT
        -:   53:#include <sstream>
        -:   54:#include <unordered_set>
        -:   55:#include <vector>
        -:   56:
        -:   57:#include "gtest/gtest-assertion-result.h"
        -:   58:#include "gtest/gtest-spi.h"
        -:   59:#include "gtest/internal/custom/gtest.h"
        -:   60:
        -:   61:#if GTEST_OS_LINUX
        -:   62:
        -:   63:#include <fcntl.h>   // NOLINT
        -:   64:#include <limits.h>  // NOLINT
        -:   65:#include <sched.h>   // NOLINT
        -:   66:// Declares vsnprintf().  This header is not available on Windows.
        -:   67:#include <strings.h>   // NOLINT
        -:   68:#include <sys/mman.h>  // NOLINT
        -:   69:#include <sys/time.h>  // NOLINT
        -:   70:#include <unistd.h>    // NOLINT
        -:   71:
        -:   72:#include <string>
        -:   73:
        -:   74:#elif GTEST_OS_ZOS
        -:   75:#include <sys/time.h>  // NOLINT
        -:   76:
        -:   77:// On z/OS we additionally need strings.h for strcasecmp.
        -:   78:#include <strings.h>   // NOLINT
        -:   79:
        -:   80:#elif GTEST_OS_WINDOWS_MOBILE  // We are on Windows CE.
        -:   81:
        -:   82:#include <windows.h>  // NOLINT
        -:   83:#undef min
        -:   84:
        -:   85:#elif GTEST_OS_WINDOWS  // We are on Windows proper.
        -:   86:
        -:   87:#include <windows.h>  // NOLINT
        -:   88:#undef min
        -:   89:
        -:   90:#ifdef _MSC_VER
        -:   91:#include <crtdbg.h>  // NOLINT
        -:   92:#endif
        -:   93:
        -:   94:#include <io.h>         // NOLINT
        -:   95:#include <sys/stat.h>   // NOLINT
        -:   96:#include <sys/timeb.h>  // NOLINT
        -:   97:#include <sys/types.h>  // NOLINT
        -:   98:
        -:   99:#if GTEST_OS_WINDOWS_MINGW
        -:  100:#include <sys/time.h>  // NOLINT
        -:  101:#endif                 // GTEST_OS_WINDOWS_MINGW
        -:  102:
        -:  103:#else
        -:  104:
        -:  105:// cpplint thinks that the header is already included, so we want to
        -:  106:// silence it.
        -:  107:#include <sys/time.h>  // NOLINT
        -:  108:#include <unistd.h>    // NOLINT
        -:  109:
        -:  110:#endif  // GTEST_OS_LINUX
        -:  111:
        -:  112:#if GTEST_HAS_EXCEPTIONS
        -:  113:#include <stdexcept>
        -:  114:#endif
        -:  115:
        -:  116:#if GTEST_CAN_STREAM_RESULTS_
        -:  117:#include <arpa/inet.h>   // NOLINT
        -:  118:#include <netdb.h>       // NOLINT
        -:  119:#include <sys/socket.h>  // NOLINT
        -:  120:#include <sys/types.h>   // NOLINT
        -:  121:#endif
        -:  122:
        -:  123:#include "src/gtest-internal-inl.h"
        -:  124:
        -:  125:#if GTEST_OS_WINDOWS
        -:  126:#define vsnprintf _vsnprintf
        -:  127:#endif  // GTEST_OS_WINDOWS
        -:  128:
        -:  129:#if GTEST_OS_MAC
        -:  130:#ifndef GTEST_OS_IOS
        -:  131:#include <crt_externs.h>
        -:  132:#endif
        -:  133:#endif
        -:  134:
        -:  135:#if GTEST_HAS_ABSL
        -:  136:#include "absl/debugging/failure_signal_handler.h"
        -:  137:#include "absl/debugging/stacktrace.h"
        -:  138:#include "absl/debugging/symbolize.h"
        -:  139:#include "absl/flags/parse.h"
        -:  140:#include "absl/flags/usage.h"
        -:  141:#include "absl/strings/str_cat.h"
        -:  142:#include "absl/strings/str_replace.h"
        -:  143:#endif  // GTEST_HAS_ABSL
        -:  144:
        -:  145:namespace testing {
        -:  146:
        -:  147:using internal::CountIf;
        -:  148:using internal::ForEach;
        -:  149:using internal::GetElementOr;
        -:  150:using internal::Shuffle;
        -:  151:
        -:  152:// Constants.
        -:  153:
        -:  154:// A test whose test suite name or test name matches this filter is
        -:  155:// disabled and not run.
        -:  156:static const char kDisableTestFilter[] = "DISABLED_*:*/DISABLED_*";
        -:  157:
        -:  158:// A test suite whose name matches this filter is considered a death
        -:  159:// test suite and will be run before test suites whose name doesn't
        -:  160:// match this filter.
        -:  161:static const char kDeathTestSuiteFilter[] = "*DeathTest:*DeathTest/*";
        -:  162:
        -:  163:// A test filter that matches everything.
        -:  164:static const char kUniversalFilter[] = "*";
        -:  165:
        -:  166:// The default output format.
        -:  167:static const char kDefaultOutputFormat[] = "xml";
        -:  168:// The default output file.
        -:  169:static const char kDefaultOutputFile[] = "test_detail";
        -:  170:
        -:  171:// The environment variable name for the test shard index.
        -:  172:static const char kTestShardIndex[] = "GTEST_SHARD_INDEX";
        -:  173:// The environment variable name for the total number of test shards.
        -:  174:static const char kTestTotalShards[] = "GTEST_TOTAL_SHARDS";
        -:  175:// The environment variable name for the test shard status file.
        -:  176:static const char kTestShardStatusFile[] = "GTEST_SHARD_STATUS_FILE";
        -:  177:
        -:  178:namespace internal {
        -:  179:
        -:  180:// The text used in failure messages to indicate the start of the
        -:  181:// stack trace.
        -:  182:const char kStackTraceMarker[] = "\nStack trace:\n";
        -:  183:
        -:  184:// g_help_flag is true if and only if the --help flag or an equivalent form
        -:  185:// is specified on the command line.
        -:  186:bool g_help_flag = false;
        -:  187:
        -:  188:// Utility function to Open File for Writing
function _ZN7testing8internalL18OpenFileForWritingERKNSt7__cxx1112basic_stringIcSt11char_traitsIcESaIcEEE called 0 returned 0% blocks executed 0%
    #####:  189:static FILE* OpenFileForWriting(const std::string& output_file) {
    #####:  190:  FILE* fileout = nullptr;
    #####:  191:  FilePath output_file_path(output_file);
    %%%%%:  191-block  0
call    0 never executed
branch  1 never executed
branch  2 never executed
call    3 never executed
    $$$$$:  191-block  1
call    4 never executed
    #####:  192:  FilePath output_dir(output_file_path.RemoveFileName());
    %%%%%:  192-block  0
call    0 never executed
branch  1 never executed
branch  2 never executed
    $$$$$:  192-block  1
call    3 never executed
        -:  193:
    #####:  194:  if (output_dir.CreateDirectoriesRecursively()) {
    %%%%%:  194-block  0
call    0 never executed
branch  1 never executed
branch  2 never executed
    %%%%%:  194-block  1
branch  3 never executed
branch  4 never executed
    #####:  195:    fileout = posix::FOpen(output_file.c_str(), "w");
    %%%%%:  195-block  0
call    0 never executed
call    1 never executed
branch  2 never executed
branch  3 never executed
    %%%%%:  195-block  1
        -:  196:  }
    #####:  197:  if (fileout == nullptr) {
    %%%%%:  197-block  0
branch  0 never executed
branch  1 never executed
    #####:  198:    GTEST_LOG_(FATAL) << "Unable to open file \"" << output_file << "\"";
    %%%%%:  198-block  0
call    0 never executed
branch  1 never executed
branch  2 never executed
    %%%%%:  198-block  1
call    3 never executed
call    4 never executed
branch  5 never executed
branch  6 never executed
    %%%%%:  198-block  2
call    7 never executed
branch  8 never executed
branch  9 never executed
    %%%%%:  198-block  3
call   10 never executed
branch 11 never executed
branch 12 never executed
    %%%%%:  198-block  4
call   13 never executed
    $$$$$:  198-block  5
call   14 never executed
    $$$$$:  198-block  6
        -:  199:  }
    #####:  200:  return fileout;
    %%%%%:  200-block  0
call    0 never executed
    %%%%%:  200-block  1
        -:  201:}
        -:  202:
        -:  203:}  // namespace internal
        -:  204:
        -:  205:// Bazel passes in the argument to '--test_filter' via the TESTBRIDGE_TEST_ONLY
        -:  206:// environment variable.
function _ZN7testingL16GetDefaultFilterEv called 1 returned 100% blocks executed 80%
        1:  207:static const char* GetDefaultFilter() {
        -:  208:  const char* const testbridge_test_only =
        1:  209:      internal::posix::GetEnv("TESTBRIDGE_TEST_ONLY");
        1:  209-block  0
call    0 returned 1
        1:  210:  if (testbridge_test_only != nullptr) {
branch  0 taken 0 (fallthrough)
branch  1 taken 1
    #####:  211:    return testbridge_test_only;
    %%%%%:  211-block  0
        -:  212:  }
        1:  213:  return kUniversalFilter;
        1:  213-block  0
        -:  214:}
        -:  215:
        -:  216:// Bazel passes in the argument to '--test_runner_fail_fast' via the
        -:  217:// TESTBRIDGE_TEST_RUNNER_FAIL_FAST environment variable.
function _ZN7testingL18GetDefaultFailFastEv called 1 returned 100% blocks executed 80%
        1:  218:static bool GetDefaultFailFast() {
        -:  219:  const char* const testbridge_test_runner_fail_fast =
        1:  220:      internal::posix::GetEnv("TESTBRIDGE_TEST_RUNNER_FAIL_FAST");
        1:  220-block  0
call    0 returned 1
        1:  221:  if (testbridge_test_runner_fail_fast != nullptr) {
branch  0 taken 0 (fallthrough)
branch  1 taken 1
    #####:  222:    return strcmp(testbridge_test_runner_fail_fast, "1") == 0;
    %%%%%:  222-block  0
        -:  223:  }
        1:  224:  return false;
        1:  224-block  0
        -:  225:}
        -:  226:
        -:  227:}  // namespace testing
        -:  228:
        -:  229:GTEST_DEFINE_bool_(
        -:  230:    fail_fast,
        -:  231:    testing::internal::BoolFromGTestEnv("fail_fast",
        -:  232:                                        testing::GetDefaultFailFast()),
        -:  233:    "True if and only if a test failure should stop further test execution.");
        -:  234:
        -:  235:GTEST_DEFINE_bool_(
        -:  236:    also_run_disabled_tests,
        -:  237:    testing::internal::BoolFromGTestEnv("also_run_disabled_tests", false),
        -:  238:    "Run disabled tests too, in addition to the tests normally being run.");
        -:  239:
        -:  240:GTEST_DEFINE_bool_(
        -:  241:    break_on_failure,
        -:  242:    testing::internal::BoolFromGTestEnv("break_on_failure", false),
        -:  243:    "True if and only if a failed assertion should be a debugger "
        -:  244:    "break-point.");
        -:  245:
        -:  246:GTEST_DEFINE_bool_(catch_exceptions,
        -:  247:                   testing::internal::BoolFromGTestEnv("catch_exceptions",
        -:  248:                                                       true),
        -:  249:                   "True if and only if " GTEST_NAME_
        -:  250:                   " should catch exceptions and treat them as test failures.");
        -:  251:
        -:  252:GTEST_DEFINE_string_(
        -:  253:    color, testing::internal::StringFromGTestEnv("color", "auto"),
        -:  254:    "Whether to use colors in the output.  Valid values: yes, no, "
        -:  255:    "and auto.  'auto' means to use colors if the output is "
        -:  256:    "being sent to a terminal and the TERM environment variable "
        -:  257:    "is set to a terminal type that supports colors.");
        -:  258:
        -:  259:GTEST_DEFINE_string_(
        -:  260:    filter,
        -:  261:    testing::internal::StringFromGTestEnv("filter",
        -:  262:                                          testing::GetDefaultFilter()),
        -:  263:    "A colon-separated list of glob (not regex) patterns "
        -:  264:    "for filtering the tests to run, optionally followed by a "
        -:  265:    "'-' and a : separated list of negative patterns (tests to "
        -:  266:    "exclude).  A test is run if it matches one of the positive "
        -:  267:    "patterns and does not match any of the negative patterns.");
        -:  268:
        -:  269:GTEST_DEFINE_bool_(
        -:  270:    install_failure_signal_handler,
        -:  271:    testing::internal::BoolFromGTestEnv("install_failure_signal_handler",
        -:  272:                                        false),
        -:  273:    "If true and supported on the current platform, " GTEST_NAME_
        -:  274:    " should "
        -:  275:    "install a signal handler that dumps debugging information when fatal "
        -:  276:    "signals are raised.");
        -:  277:
        -:  278:GTEST_DEFINE_bool_(list_tests, false, "List all tests without running them.");
        -:  279:
        -:  280:// The net priority order after flag processing is thus:
        -:  281://   --gtest_output command line flag
        -:  282://   GTEST_OUTPUT environment variable
        -:  283://   XML_OUTPUT_FILE environment variable
        -:  284://   ''
        -:  285:GTEST_DEFINE_string_(
        -:  286:    output,
        -:  287:    testing::internal::StringFromGTestEnv(
        -:  288:        "output", testing::internal::OutputFlagAlsoCheckEnvVar().c_str()),
        -:  289:    "A format (defaults to \"xml\" but can be specified to be \"json\"), "
        -:  290:    "optionally followed by a colon and an output file name or directory. "
        -:  291:    "A directory is indicated by a trailing pathname separator. "
        -:  292:    "Examples: \"xml:filename.xml\", \"xml::directoryname/\". "
        -:  293:    "If a directory is specified, output files will be created "
        -:  294:    "within that directory, with file-names based on the test "
        -:  295:    "executable's name and, if necessary, made unique by adding "
        -:  296:    "digits.");
        -:  297:
        -:  298:GTEST_DEFINE_bool_(
        -:  299:    brief, testing::internal::BoolFromGTestEnv("brief", false),
        -:  300:    "True if only test failures should be displayed in text output.");
        -:  301:
        -:  302:GTEST_DEFINE_bool_(print_time,
        -:  303:                   testing::internal::BoolFromGTestEnv("print_time", true),
        -:  304:                   "True if and only if " GTEST_NAME_
        -:  305:                   " should display elapsed time in text output.");
        -:  306:
        -:  307:GTEST_DEFINE_bool_(print_utf8,
        -:  308:                   testing::internal::BoolFromGTestEnv("print_utf8", true),
        -:  309:                   "True if and only if " GTEST_NAME_
        -:  310:                   " prints UTF8 characters as text.");
        -:  311:
        -:  312:GTEST_DEFINE_int32_(
        -:  313:    random_seed, testing::internal::Int32FromGTestEnv("random_seed", 0),
        -:  314:    "Random number seed to use when shuffling test orders.  Must be in range "
        -:  315:    "[1, 99999], or 0 to use a seed based on the current time.");
        -:  316:
        -:  317:GTEST_DEFINE_int32_(
        -:  318:    repeat, testing::internal::Int32FromGTestEnv("repeat", 1),
        -:  319:    "How many times to repeat each test.  Specify a negative number "
        -:  320:    "for repeating forever.  Useful for shaking out flaky tests.");
        -:  321:
        -:  322:GTEST_DEFINE_bool_(
        -:  323:    recreate_environments_when_repeating,
        -:  324:    testing::internal::BoolFromGTestEnv("recreate_environments_when_repeating",
        -:  325:                                        false),
        -:  326:    "Controls whether global test environments are recreated for each repeat "
        -:  327:    "of the tests. If set to false the global test environments are only set "
        -:  328:    "up once, for the first iteration, and only torn down once, for the last. "
        -:  329:    "Useful for shaking out flaky tests with stable, expensive test "
        -:  330:    "environments. If --gtest_repeat is set to a negative number, meaning "
        -:  331:    "there is no last run, the environments will always be recreated to avoid "
        -:  332:    "leaks.");
        -:  333:
        -:  334:GTEST_DEFINE_bool_(show_internal_stack_frames, false,
        -:  335:                   "True if and only if " GTEST_NAME_
        -:  336:                   " should include internal stack frames when "
        -:  337:                   "printing test failure stack traces.");
        -:  338:
        -:  339:GTEST_DEFINE_bool_(shuffle,
        -:  340:                   testing::internal::BoolFromGTestEnv("shuffle", false),
        -:  341:                   "True if and only if " GTEST_NAME_
        -:  342:                   " should randomize tests' order on every run.");
        -:  343:
        -:  344:GTEST_DEFINE_int32_(
        -:  345:    stack_trace_depth,
        -:  346:    testing::internal::Int32FromGTestEnv("stack_trace_depth",
        -:  347:                                         testing::kMaxStackTraceDepth),
        -:  348:    "The maximum number of stack frames to print when an "
        -:  349:    "assertion fails.  The valid range is 0 through 100, inclusive.");
        -:  350:
        -:  351:GTEST_DEFINE_string_(
        -:  352:    stream_result_to,
        -:  353:    testing::internal::StringFromGTestEnv("stream_result_to", ""),
        -:  354:    "This flag specifies the host name and the port number on which to stream "
        -:  355:    "test results. Example: \"localhost:555\". The flag is effective only on "
        -:  356:    "Linux.");
        -:  357:
        -:  358:GTEST_DEFINE_bool_(
        -:  359:    throw_on_failure,
        -:  360:    testing::internal::BoolFromGTestEnv("throw_on_failure", false),
        -:  361:    "When this flag is specified, a failed assertion will throw an exception "
        -:  362:    "if exceptions are enabled or exit the program with a non-zero code "
        -:  363:    "otherwise. For use with an external test framework.");
        -:  364:
        -:  365:#if GTEST_USE_OWN_FLAGFILE_FLAG_
        -:  366:GTEST_DEFINE_string_(
        -:  367:    flagfile, testing::internal::StringFromGTestEnv("flagfile", ""),
        -:  368:    "This flag specifies the flagfile to read command-line flags from.");
        -:  369:#endif  // GTEST_USE_OWN_FLAGFILE_FLAG_
        -:  370:
        -:  371:namespace testing {
        -:  372:namespace internal {
        -:  373:
        -:  374:// Generates a random number from [0, range), using a Linear
        -:  375:// Congruential Generator (LCG).  Crashes if 'range' is 0 or greater
        -:  376:// than kMaxRange.
function _ZN7testing8internal6Random8GenerateEj called 0 returned 0% blocks executed 0%
    #####:  377:uint32_t Random::Generate(uint32_t range) {
        -:  378:  // These constants are the same as are used in glibc's rand(3).
        -:  379:  // Use wider types than necessary to prevent unsigned overflow diagnostics.
    #####:  380:  state_ = static_cast<uint32_t>(1103515245ULL * state_ + 12345U) % kMaxRange;
        -:  381:
    #####:  382:  GTEST_CHECK_(range > 0) << "Cannot generate a number in the range [0, 0).";
    %%%%%:  382-block  0
call    0 never executed
branch  1 never executed
branch  2 never executed
    %%%%%:  382-block  1
call    3 never executed
call    4 never executed
call    5 never executed
branch  6 never executed
branch  7 never executed
    %%%%%:  382-block  2
call    8 never executed
branch  9 never executed
branch 10 never executed
    %%%%%:  382-block  3
call   11 never executed
    $$$$$:  382-block  4
call   12 never executed
    $$$$$:  382-block  5
call   13 never executed
    #####:  383:  GTEST_CHECK_(range <= kMaxRange)
    %%%%%:  383-block  0
call    0 never executed
branch  1 never executed
branch  2 never executed
    %%%%%:  383-block  1
call    3 never executed
call    4 never executed
    %%%%%:  383-block  2
call    5 never executed
    $$$$$:  383-block  3
call    6 never executed
    #####:  384:      << "Generation of a number in [0, " << range << ") was requested, "
call    0 never executed
branch  1 never executed
branch  2 never executed
    %%%%%:  384-block  0
call    3 never executed
branch  4 never executed
branch  5 never executed
    %%%%%:  384-block  1
call    6 never executed
branch  7 never executed
branch  8 never executed
    #####:  385:      << "but this can only generate numbers in [0, " << kMaxRange << ").";
    %%%%%:  385-block  0
call    0 never executed
branch  1 never executed
branch  2 never executed
    %%%%%:  385-block  1
call    3 never executed
branch  4 never executed
branch  5 never executed
    %%%%%:  385-block  2
call    6 never executed
branch  7 never executed
branch  8 never executed
    %%%%%:  385-block  3
call    9 never executed
branch 10 never executed
branch 11 never executed
        -:  386:
        -:  387:  // Converting via modulus introduces a bit of downward bias, but
        -:  388:  // it's simple, and a linear congruential generator isn't too good
        -:  389:  // to begin with.
    #####:  390:  return state_ % range;
    %%%%%:  390-block  0
    %%%%%:  390-block  1
        -:  391:}
        -:  392:
        -:  393:// GTestIsInitialized() returns true if and only if the user has initialized
        -:  394:// Google Test.  Useful for catching the user mistake of not initializing
        -:  395:// Google Test before calling RUN_ALL_TESTS().
function _ZN7testing8internalL18GTestIsInitializedEv called 2 returned 100% blocks executed 100%
        2:  396:static bool GTestIsInitialized() { return GetArgvs().size() > 0; }
        2:  396-block  0
call    0 returned 2
call    1 returned 2
call    2 returned 2
        -:  397:
        -:  398:// Iterates over a vector of TestSuites, keeping a running sum of the
        -:  399:// results of calling a given int-returning method on each.
        -:  400:// Returns the sum.
function _ZN7testing8internalL20SumOverTestSuiteListERKSt6vectorIPNS_9TestSuiteESaIS3_EEMS2_KFivE called 5 returned 100% blocks executed 91%
        5:  401:static int SumOverTestSuiteList(const std::vector<TestSuite*>& case_list,
        -:  402:                                int (TestSuite::*method)() const) {
        5:  403:  int sum = 0;
       10:  404:  for (size_t i = 0; i < case_list.size(); i++) {
        5:  404-block  0
       10:  404-block  1
call    0 returned 10
branch  1 taken 5 (fallthrough)
branch  2 taken 5
       5*:  405:    sum += (case_list[i]->*method)();
        5:  405-block  0
call    0 returned 5
branch  1 taken 0 (fallthrough)
branch  2 taken 5
    %%%%%:  405-block  1
        5:  405-block  2
        5:  405-block  3
call    3 returned 5
        -:  406:  }
        5:  407:  return sum;
        5:  407-block  0
        -:  408:}
        -:  409:
        -:  410:// Returns true if and only if the test suite passed.
function _ZN7testing8internalL15TestSuitePassedEPKNS_9TestSuiteE called 0 returned 0% blocks executed 0%
    #####:  411:static bool TestSuitePassed(const TestSuite* test_suite) {
    #####:  412:  return test_suite->should_run() && test_suite->Passed();
    %%%%%:  412-block  0
call    0 never executed
branch  1 never executed
branch  2 never executed
    %%%%%:  412-block  1
call    3 never executed
branch  4 never executed
branch  5 never executed
    %%%%%:  412-block  2
    %%%%%:  412-block  3
    %%%%%:  412-block  4
        -:  413:}
        -:  414:
        -:  415:// Returns true if and only if the test suite failed.
function _ZN7testing8internalL15TestSuiteFailedEPKNS_9TestSuiteE called 2 returned 100% blocks executed 88%
        2:  416:static bool TestSuiteFailed(const TestSuite* test_suite) {
       2*:  417:  return test_suite->should_run() && test_suite->Failed();
        2:  417-block  0
call    0 returned 2
branch  1 taken 2 (fallthrough)
branch  2 taken 0
        2:  417-block  1
call    3 returned 2
branch  4 taken 0 (fallthrough)
branch  5 taken 2
    %%%%%:  417-block  2
        2:  417-block  3
        2:  417-block  4
        -:  418:}
        -:  419:
        -:  420:// Returns true if and only if test_suite contains at least one test that
        -:  421:// should run.
function _ZN7testing8internalL18ShouldRunTestSuiteEPKNS_9TestSuiteE called 2 returned 100% blocks executed 100%
        2:  422:static bool ShouldRunTestSuite(const TestSuite* test_suite) {
        2:  423:  return test_suite->should_run();
        2:  423-block  0
call    0 returned 2
        -:  424:}
        -:  425:
        -:  426:// AssertHelper constructor.
function _ZN7testing8internal12AssertHelperC2ENS_14TestPartResult4TypeEPKciS5_ called 0 returned 0% blocks executed 0%
    #####:  427:AssertHelper::AssertHelper(TestPartResult::Type type, const char* file,
    #####:  428:                           int line, const char* message)
    #####:  429:    : data_(new AssertHelperData(type, file, line, message)) {}
    %%%%%:  429-block  0
call    0 never executed
call    1 never executed
branch  2 never executed
branch  3 never executed
    %%%%%:  429-block  1
    $$$$$:  429-block  2
call    4 never executed
        -:  430:
function _ZN7testing8internal12AssertHelperD2Ev called 0 returned 0% blocks executed 0%
    #####:  431:AssertHelper::~AssertHelper() { delete data_; }
    %%%%%:  431-block  0
branch  0 never executed
branch  1 never executed
    %%%%%:  431-block  1
call    2 never executed
call    3 never executed
        -:  432:
        -:  433:// Message assignment, for assertion streaming support.
function _ZNK7testing8internal12AssertHelperaSERKNS_7MessageE called 0 returned 0% blocks executed 0%
    #####:  434:void AssertHelper::operator=(const Message& message) const {
    #####:  435:  UnitTest::GetInstance()->AddTestPartResult(
    %%%%%:  435-block  0
call    0 never executed
    #####:  436:      data_->type, data_->file, data_->line,
    %%%%%:  436-block  0
call    0 never executed
branch  1 never executed
branch  2 never executed
    #####:  437:      AppendUserMessage(data_->message, message),
call    0 never executed
branch  1 never executed
branch  2 never executed
    %%%%%:  437-block  0
call    3 never executed
    $$$$$:  437-block  1
call    4 never executed
    $$$$$:  437-block  2
    #####:  438:      UnitTest::GetInstance()->impl()->CurrentOsStackTraceExceptTop(1)
call    0 never executed
call    1 never executed
call    2 never executed
call    3 never executed
    $$$$$:  438-block  0
call    4 never executed
        -:  439:      // Skips the stack frame for this function itself.
        -:  440:  );  // NOLINT
    #####:  441:}
        -:  442:
        -:  443:namespace {
        -:  444:
        -:  445:// When TEST_P is found without a matching INSTANTIATE_TEST_SUITE_P
        -:  446:// to creates test cases for it, a synthetic test case is
        -:  447:// inserted to report ether an error or a log message.
        -:  448://
        -:  449:// This configuration bit will likely be removed at some point.
        -:  450:constexpr bool kErrorOnUninstantiatedParameterizedTest = true;
        -:  451:constexpr bool kErrorOnUninstantiatedTypeParameterizedTest = true;
        -:  452:
        -:  453:// A test that fails at a given file/line location with a given message.
        -:  454:class FailureTest : public Test {
        -:  455: public:
function _ZN7testing8internal12_GLOBAL__N_111FailureTestC2ERKNS0_12CodeLocationENSt7__cxx1112basic_stringIcSt11char_traitsIcESaIcEEEb called 0 returned 0% blocks executed 0%
    #####:  456:  explicit FailureTest(const CodeLocation& loc, std::string error_message,
        -:  457:                       bool as_error)
    #####:  458:      : loc_(loc),
    #####:  459:        error_message_(std::move(error_message)),
    #####:  460:        as_error_(as_error) {}
    %%%%%:  460-block  0
call    0 never executed
call    1 never executed
branch  2 never executed
branch  3 never executed
    %%%%%:  460-block  1
call    4 never executed
call    5 never executed
    $$$$$:  460-block  2
call    6 never executed
        -:  461:
function _ZN7testing8internal12_GLOBAL__N_111FailureTest8TestBodyEv called 0 returned 0% blocks executed 0%
    #####:  462:  void TestBody() override {
    #####:  463:    if (as_error_) {
    %%%%%:  463-block  0
branch  0 never executed
branch  1 never executed
    #####:  464:      AssertHelper(TestPartResult::kNonFatalFailure, loc_.file.c_str(),
call    0 never executed
branch  1 never executed
branch  2 never executed
    %%%%%:  464-block  0
call    3 never executed
    $$$$$:  464-block  1
call    4 never executed
    $$$$$:  464-block  2
    #####:  465:                   loc_.line, "") = Message() << error_message_;
    %%%%%:  465-block  0
call    0 never executed
call    1 never executed
branch  2 never executed
branch  3 never executed
    %%%%%:  465-block  1
call    4 never executed
    %%%%%:  465-block  2
call    5 never executed
branch  6 never executed
branch  7 never executed
call    8 never executed
    $$$$$:  465-block  3
call    9 never executed
        -:  466:    } else {
    #####:  467:      std::cout << error_message_ << std::endl;
    %%%%%:  467-block  0
call    0 never executed
call    1 never executed
        -:  468:    }
    #####:  469:  }
    %%%%%:  469-block  0
        -:  470:
        -:  471: private:
        -:  472:  const CodeLocation loc_;
        -:  473:  const std::string error_message_;
        -:  474:  const bool as_error_;
        -:  475:};
        -:  476:
        -:  477:}  // namespace
        -:  478:
function _ZN7testing8internal33GetIgnoredParameterizedTestSuitesB5cxx11Ev called 1 returned 100% blocks executed 100%
        1:  479:std::set<std::string>* GetIgnoredParameterizedTestSuites() {
        1:  480:  return UnitTest::GetInstance()->impl()->ignored_parameterized_test_suites();
        1:  480-block  0
call    0 returned 1
call    1 returned 1
call    2 returned 1
        -:  481:}
        -:  482:
        -:  483:// Add a given test_suit to the list of them allow to go un-instantiated.
function _ZN7testing8internal13MarkAsIgnoredC2EPKc called 0 returned 0% blocks executed 0%
    #####:  484:MarkAsIgnored::MarkAsIgnored(const char* test_suite) {
    #####:  485:  GetIgnoredParameterizedTestSuites()->insert(test_suite);
    %%%%%:  485-block  0
call    0 never executed
call    1 never executed
call    2 never executed
branch  3 never executed
branch  4 never executed
    %%%%%:  485-block  1
call    5 never executed
branch  6 never executed
branch  7 never executed
    %%%%%:  485-block  2
call    8 never executed
call    9 never executed
    $$$$$:  485-block  3
call   10 never executed
    $$$$$:  485-block  4
    $$$$$:  485-block  5
call   11 never executed
    #####:  486:}
        -:  487:
        -:  488:// If this parameterized test suite has no instantiations (and that
        -:  489:// has not been marked as okay), emit a test case reporting that.
function _ZN7testing8internal23InsertSyntheticTestCaseERKNSt7__cxx1112basic_stringIcSt11char_traitsIcESaIcEEENS0_12CodeLocationEb called 0 returned 0% blocks executed 0%
    #####:  490:void InsertSyntheticTestCase(const std::string& name, CodeLocation location,
        -:  491:                             bool has_test_p) {
    #####:  492:  const auto& ignored = *GetIgnoredParameterizedTestSuites();
    %%%%%:  492-block  0
call    0 never executed
branch  1 never executed
branch  2 never executed
    #####:  493:  if (ignored.find(name) != ignored.end()) return;
    %%%%%:  493-block  0
call    0 never executed
call    1 never executed
branch  2 never executed
branch  3 never executed
    %%%%%:  493-block  1
call    4 never executed
branch  5 never executed
branch  6 never executed
    %%%%%:  493-block  2
    $$$$$:  493-block  3
        -:  494:
    #####:  495:  const char kMissingInstantiation[] =  //
        -:  496:      " is defined via TEST_P, but never instantiated. None of the test cases "
        -:  497:      "will run. Either no INSTANTIATE_TEST_SUITE_P is provided or the only "
        -:  498:      "ones provided expand to nothing."
        -:  499:      "\n\n"
        -:  500:      "Ideally, TEST_P definitions should only ever be included as part of "
        -:  501:      "binaries that intend to use them. (As opposed to, for example, being "
        -:  502:      "placed in a library that may be linked in to get other utilities.)";
        -:  503:
    #####:  504:  const char kMissingTestCase[] =  //
        -:  505:      " is instantiated via INSTANTIATE_TEST_SUITE_P, but no tests are "
        -:  506:      "defined via TEST_P . No test cases will run."
        -:  507:      "\n\n"
        -:  508:      "Ideally, INSTANTIATE_TEST_SUITE_P should only ever be invoked from "
        -:  509:      "code that always depend on code that provides TEST_P. Failing to do "
        -:  510:      "so is often an indication of dead code, e.g. the last TEST_P was "
        -:  511:      "removed but the rest got left behind.";
        -:  512:
        -:  513:  std::string message =
    #####:  514:      "Parameterized test suite " + name +
    %%%%%:  514-block  0
branch  0 never executed
branch  1 never executed
    %%%%%:  514-block  1
    %%%%%:  514-block  2
    %%%%%:  514-block  3
call    2 never executed
branch  3 never executed
branch  4 never executed
    %%%%%:  514-block  4
call    5 never executed
branch  6 never executed
branch  7 never executed
call    8 never executed
    $$$$$:  514-block  5
    $$$$$:  514-block  6
    #####:  515:      (has_test_p ? kMissingInstantiation : kMissingTestCase) +
    %%%%%:  515-block  0
call    0 never executed
branch  1 never executed
branch  2 never executed
call    3 never executed
    $$$$$:  515-block  1
        -:  516:      "\n\n"
        -:  517:      "To suppress this error for this test suite, insert the following line "
        -:  518:      "(in a non-header) in the namespace it is defined in:"
        -:  519:      "\n\n"
    #####:  520:      "GTEST_ALLOW_UNINSTANTIATED_PARAMETERIZED_TEST(" +
    %%%%%:  520-block  0
call    0 never executed
branch  1 never executed
branch  2 never executed
call    3 never executed
    $$$$$:  520-block  1
    #####:  521:      name + ");";
    %%%%%:  521-block  0
call    0 never executed
branch  1 never executed
branch  2 never executed
call    3 never executed
    $$$$$:  521-block  1
call    4 never executed
        -:  522:
    #####:  523:  std::string full_name = "UninstantiatedParameterizedTestSuite<" + name + ">";
call    0 never executed
branch  1 never executed
branch  2 never executed
    %%%%%:  523-block  0
call    3 never executed
branch  4 never executed
branch  5 never executed
    $$$$$:  523-block  1
    $$$$$:  523-block  2
call    6 never executed
    #####:  524:  RegisterTest(  //
call    0 never executed
branch  1 never executed
branch  2 never executed
    %%%%%:  524-block  0
call    3 never executed
branch  4 never executed
branch  5 never executed
    %%%%%:  524-block  1
call    6 never executed
call    7 never executed
call    8 never executed
branch  9 never executed
branch 10 never executed
    %%%%%:  524-block  2
call   11 never executed
call   12 never executed
    $$$$$:  524-block  3
call   13 never executed
    $$$$$:  524-block  4
        -:  525:      "GoogleTestVerification", full_name.c_str(),
        -:  526:      nullptr,  // No type parameter.
        -:  527:      nullptr,  // No value parameter.
function _ZZN7testing8internal23InsertSyntheticTestCaseERKNSt7__cxx1112basic_stringIcSt11char_traitsIcESaIcEEENS0_12CodeLocationEbENKUlvE_clEv called 0 returned 0% blocks executed 0%
    #####:  528:      location.file.c_str(), location.line, [message, location] {
    #####:  529:        return new FailureTest(location, message,
    #####:  530:                               kErrorOnUninstantiatedParameterizedTest);
    %%%%%:  530-block  0
call    0 never executed
call    1 never executed
branch  2 never executed
branch  3 never executed
    %%%%%:  530-block  1
call    4 never executed
branch  5 never executed
branch  6 never executed
    %%%%%:  530-block  2
call    7 never executed
    %%%%%:  530-block  3
    $$$$$:  530-block  4
call    8 never executed
    $$$$$:  530-block  5
call    9 never executed
        -:  531:      });
        -:  532:}
        -:  533:
function _ZN7testing8internal34RegisterTypeParameterizedTestSuiteEPKcNS0_12CodeLocationE called 0 returned 0% blocks executed 0%
    #####:  534:void RegisterTypeParameterizedTestSuite(const char* test_suite_name,
        -:  535:                                        CodeLocation code_location) {
    #####:  536:  GetUnitTestImpl()->type_parameterized_test_registry().RegisterTestSuite(
    %%%%%:  536-block  0
call    0 never executed
call    1 never executed
call    2 never executed
call    3 never executed
branch  4 never executed
branch  5 never executed
    %%%%%:  536-block  1
call    6 never executed
    $$$$$:  536-block  2
call    7 never executed
        -:  537:      test_suite_name, code_location);
    #####:  538:}
        -:  539:
function _ZN7testing8internal47RegisterTypeParameterizedTestSuiteInstantiationEPKc called 0 returned 0% blocks executed 0%
    #####:  540:void RegisterTypeParameterizedTestSuiteInstantiation(const char* case_name) {
    #####:  541:  GetUnitTestImpl()->type_parameterized_test_registry().RegisterInstantiation(
    %%%%%:  541-block  0
call    0 never executed
call    1 never executed
call    2 never executed
        -:  542:      case_name);
    #####:  543:}
        -:  544:
function _ZN7testing8internal34TypeParameterizedTestSuiteRegistry17RegisterTestSuiteEPKcNS0_12CodeLocationE called 0 returned 0% blocks executed 0%
    #####:  545:void TypeParameterizedTestSuiteRegistry::RegisterTestSuite(
        -:  546:    const char* test_suite_name, CodeLocation code_location) {
    #####:  547:  suites_.emplace(std::string(test_suite_name),
    %%%%%:  547-block  0
call    0 never executed
call    1 never executed
branch  2 never executed
branch  3 never executed
    %%%%%:  547-block  1
call    4 never executed
call    5 never executed
    $$$$$:  547-block  2
call    6 never executed
    $$$$$:  547-block  3
    $$$$$:  547-block  4
call    7 never executed
    $$$$$:  547-block  5
    #####:  548:                  TypeParameterizedTestSuiteInfo(code_location));
    %%%%%:  548-block  0
call    0 never executed
call    1 never executed
branch  2 never executed
branch  3 never executed
    %%%%%:  548-block  1
call    4 never executed
branch  5 never executed
branch  6 never executed
call    7 never executed
call    8 never executed
    $$$$$:  548-block  2
call    9 never executed
    $$$$$:  548-block  3
    $$$$$:  548-block  4
call   10 never executed
    #####:  549:}
        -:  550:
function _ZN7testing8internal34TypeParameterizedTestSuiteRegistry21RegisterInstantiationEPKc called 0 returned 0% blocks executed 0%
    #####:  551:void TypeParameterizedTestSuiteRegistry::RegisterInstantiation(
        -:  552:    const char* test_suite_name) {
    #####:  553:  auto it = suites_.find(std::string(test_suite_name));
    %%%%%:  553-block  0
call    0 never executed
call    1 never executed
branch  2 never executed
branch  3 never executed
    %%%%%:  553-block  1
call    4 never executed
branch  5 never executed
branch  6 never executed
    %%%%%:  553-block  2
call    7 never executed
call    8 never executed
    $$$$$:  553-block  3
call    9 never executed
    $$$$$:  553-block  4
    $$$$$:  553-block  5
call   10 never executed
    $$$$$:  553-block  6
    #####:  554:  if (it != suites_.end()) {
call    0 never executed
call    1 never executed
branch  2 never executed
branch  3 never executed
    #####:  555:    it->second.instantiated = true;
    %%%%%:  555-block  0
call    0 never executed
        -:  556:  } else {
    #####:  557:    GTEST_LOG_(ERROR) << "Unknown type parameterized test suit '"
    %%%%%:  557-block  0
call    0 never executed
branch  1 never executed
branch  2 never executed
    %%%%%:  557-block  1
call    3 never executed
    %%%%%:  557-block  2
call    4 never executed
    $$$$$:  557-block  3
call    5 never executed
    $$$$$:  557-block  4
    #####:  558:                      << test_suite_name << "'";
call    0 never executed
branch  1 never executed
branch  2 never executed
    %%%%%:  558-block  0
call    3 never executed
branch  4 never executed
branch  5 never executed
    %%%%%:  558-block  1
call    6 never executed
branch  7 never executed
branch  8 never executed
        -:  559:  }
    #####:  560:}
    %%%%%:  560-block  0
        -:  561:
function _ZN7testing8internal34TypeParameterizedTestSuiteRegistry22CheckForInstantiationsEv called 1 returned 100% blocks executed 12%
        1:  562:void TypeParameterizedTestSuiteRegistry::CheckForInstantiations() {
        1:  563:  const auto& ignored = *GetIgnoredParameterizedTestSuites();
        1:  563-block  0
call    0 returned 1
       1*:  564:  for (const auto& testcase : suites_) {
call    0 returned 1
call    1 returned 1
        1:  564-block  0
call    2 returned 1
branch  3 taken 0 (fallthrough)
branch  4 taken 1
    %%%%%:  564-block  1
call    5 never executed
    %%%%%:  564-block  2
call    6 never executed
    #####:  565:    if (testcase.second.instantiated) continue;
branch  0 never executed
branch  1 never executed
    %%%%%:  565-block  0
    %%%%%:  565-block  1
    #####:  566:    if (ignored.find(testcase.first) != ignored.end()) continue;
    %%%%%:  566-block  0
call    0 never executed
call    1 never executed
branch  2 never executed
branch  3 never executed
    %%%%%:  566-block  1
call    4 never executed
branch  5 never executed
branch  6 never executed
    %%%%%:  566-block  2
    $$$$$:  566-block  3
        -:  567:
        -:  568:    std::string message =
    #####:  569:        "Type parameterized test suite " + testcase.first +
    %%%%%:  569-block  0
call    0 never executed
branch  1 never executed
branch  2 never executed
call    3 never executed
    $$$$$:  569-block  1
    $$$$$:  569-block  2
        -:  570:        " is defined via REGISTER_TYPED_TEST_SUITE_P, but never instantiated "
        -:  571:        "via INSTANTIATE_TYPED_TEST_SUITE_P. None of the test cases will run."
        -:  572:        "\n\n"
        -:  573:        "Ideally, TYPED_TEST_P definitions should only ever be included as "
        -:  574:        "part of binaries that intend to use them. (As opposed to, for "
        -:  575:        "example, being placed in a library that may be linked in to get other "
        -:  576:        "utilities.)"
        -:  577:        "\n\n"
        -:  578:        "To suppress this error for this test suite, insert the following line "
        -:  579:        "(in a non-header) in the namespace it is defined in:"
        -:  580:        "\n\n"
    #####:  581:        "GTEST_ALLOW_UNINSTANTIATED_PARAMETERIZED_TEST(" +
    %%%%%:  581-block  0
call    0 never executed
branch  1 never executed
branch  2 never executed
call    3 never executed
    $$$$$:  581-block  1
    #####:  582:        testcase.first + ");";
    %%%%%:  582-block  0
call    0 never executed
branch  1 never executed
branch  2 never executed
    %%%%%:  582-block  1
call    3 never executed
branch  4 never executed
branch  5 never executed
call    6 never executed
    $$$$$:  582-block  2
call    7 never executed
        -:  583:
        -:  584:    std::string full_name =
    #####:  585:        "UninstantiatedTypeParameterizedTestSuite<" + testcase.first + ">";
call    0 never executed
branch  1 never executed
branch  2 never executed
    %%%%%:  585-block  0
call    3 never executed
branch  4 never executed
branch  5 never executed
    $$$$$:  585-block  1
    $$$$$:  585-block  2
call    6 never executed
    #####:  586:    RegisterTest(  //
call    0 never executed
branch  1 never executed
branch  2 never executed
    %%%%%:  586-block  0
call    3 never executed
branch  4 never executed
branch  5 never executed
call    6 never executed
call    7 never executed
branch  8 never executed
branch  9 never executed
    %%%%%:  586-block  1
call   10 never executed
call   11 never executed
    $$$$$:  586-block  2
call   12 never executed
    $$$$$:  586-block  3
        -:  587:        "GoogleTestVerification", full_name.c_str(),
        -:  588:        nullptr,  // No type parameter.
        -:  589:        nullptr,  // No value parameter.
        -:  590:        testcase.second.code_location.file.c_str(),
function _ZZN7testing8internal34TypeParameterizedTestSuiteRegistry22CheckForInstantiationsEvENKUlvE_clEv called 0 returned 0% blocks executed 0%
    #####:  591:        testcase.second.code_location.line, [message, testcase] {
    %%%%%:  591-block  0
call    0 never executed
    #####:  592:          return new FailureTest(testcase.second.code_location, message,
    #####:  593:                                 kErrorOnUninstantiatedTypeParameterizedTest);
    %%%%%:  593-block  0
call    0 never executed
call    1 never executed
branch  2 never executed
branch  3 never executed
    %%%%%:  593-block  1
call    4 never executed
branch  5 never executed
branch  6 never executed
    %%%%%:  593-block  2
call    7 never executed
    %%%%%:  593-block  3
    $$$$$:  593-block  4
call    8 never executed
    $$$$$:  593-block  5
call    9 never executed
        -:  594:        });
        -:  595:  }
        1:  596:}
        1:  596-block  0
        -:  597:
        -:  598:// A copy of all command line arguments.  Set by InitGoogleTest().
        -:  599:static ::std::vector<std::string> g_argvs;
        -:  600:
function _ZN7testing8internal8GetArgvsB5cxx11Ev called 2 returned 100% blocks executed 100%
        2:  601:::std::vector<std::string> GetArgvs() {
        -:  602:#if defined(GTEST_CUSTOM_GET_ARGVS_)
        -:  603:  // GTEST_CUSTOM_GET_ARGVS_() may return a container of std::string or
        -:  604:  // ::string. This code converts it to the appropriate type.
        -:  605:  const auto& custom = GTEST_CUSTOM_GET_ARGVS_();
        -:  606:  return ::std::vector<std::string>(custom.begin(), custom.end());
        -:  607:#else   // defined(GTEST_CUSTOM_GET_ARGVS_)
        2:  608:  return g_argvs;
        2:  608-block  0
call    0 returned 2
        -:  609:#endif  // defined(GTEST_CUSTOM_GET_ARGVS_)
        -:  610:}
        -:  611:
        -:  612:// Returns the current application's name, removing directory path if that
        -:  613:// is present.
function _ZN7testing8internal24GetCurrentExecutableNameEv called 0 returned 0% blocks executed 0%
    #####:  614:FilePath GetCurrentExecutableName() {
    #####:  615:  FilePath result;
    %%%%%:  615-block  0
call    0 never executed
branch  1 never executed
branch  2 never executed
    %%%%%:  615-block  1
call    3 never executed
    $$$$$:  615-block  2
call    4 never executed
        -:  616:
        -:  617:#if GTEST_OS_WINDOWS || GTEST_OS_OS2
        -:  618:  result.Set(FilePath(GetArgvs()[0]).RemoveExtension("exe"));
        -:  619:#else
    #####:  620:  result.Set(FilePath(GetArgvs()[0]));
    %%%%%:  620-block  0
call    0 never executed
branch  1 never executed
branch  2 never executed
    %%%%%:  620-block  1
call    3 never executed
call    4 never executed
branch  5 never executed
branch  6 never executed
    %%%%%:  620-block  2
call    7 never executed
branch  8 never executed
branch  9 never executed
    %%%%%:  620-block  3
call   10 never executed
call   11 never executed
    $$$$$:  620-block  4
call   12 never executed
    $$$$$:  620-block  5
    $$$$$:  620-block  6
call   13 never executed
    $$$$$:  620-block  7
        -:  621:#endif  // GTEST_OS_WINDOWS
        -:  622:
    #####:  623:  return result.RemoveDirectoryName();
call    0 never executed
branch  1 never executed
branch  2 never executed
    %%%%%:  623-block  0
        -:  624:}
        -:  625:
        -:  626:// Functions for processing the gtest_output flag.
        -:  627:
        -:  628:// Returns the output format, or "" for normal printed output.
function _ZN7testing8internal15UnitTestOptions15GetOutputFormatB5cxx11Ev called 1 returned 100% blocks executed 48%
        1:  629:std::string UnitTestOptions::GetOutputFormat() {
        1:  630:  std::string s = GTEST_FLAG_GET(output);
        1:  630-block  0
call    0 returned 1
branch  1 taken 1 (fallthrough)
branch  2 taken 0 (throw)
    $$$$$:  630-block  1
call    3 never executed
        1:  631:  const char* const gtest_output_flag = s.c_str();
        1:  631-block  0
call    0 returned 1
        1:  632:  const char* const colon = strchr(gtest_output_flag, ':');
        -:  633:  return (colon == nullptr)
        -:  634:             ? std::string(gtest_output_flag)
        -:  635:             : std::string(gtest_output_flag,
       2*:  636:                           static_cast<size_t>(colon - gtest_output_flag));
branch  0 taken 1 (fallthrough)
branch  1 taken 0
        1:  636-block  0
call    2 returned 1
call    3 returned 1
branch  4 taken 1 (fallthrough)
branch  5 taken 0 (throw)
    %%%%%:  636-block  1
call    6 never executed
call    7 never executed
branch  8 never executed
branch  9 never executed
        1:  636-block  2
branch 10 taken 0 (fallthrough)
branch 11 taken 1
    %%%%%:  636-block  3
call   12 never executed
        1:  636-block  4
branch 13 taken 1 (fallthrough)
branch 14 taken 0
        1:  636-block  5
call   15 returned 1
        1:  636-block  6
call   16 returned 1
        1:  636-block  7
    $$$$$:  636-block  8
branch 17 never executed
branch 18 never executed
    $$$$$:  636-block  9
call   19 never executed
    $$$$$:  636-block 10
    $$$$$:  636-block 11
branch 20 never executed
branch 21 never executed
    $$$$$:  636-block 12
call   22 never executed
    $$$$$:  636-block 13
        -:  637:}
        -:  638:
        -:  639:// Returns the name of the requested output file, or the default if none
        -:  640:// was explicitly specified.
function _ZN7testing8internal15UnitTestOptions27GetAbsolutePathToOutputFileB5cxx11Ev called 0 returned 0% blocks executed 0%
    #####:  641:std::string UnitTestOptions::GetAbsolutePathToOutputFile() {
    #####:  642:  std::string s = GTEST_FLAG_GET(output);
    %%%%%:  642-block  0
call    0 never executed
branch  1 never executed
branch  2 never executed
call    3 never executed
    $$$$$:  642-block  1
call    4 never executed
    #####:  643:  const char* const gtest_output_flag = s.c_str();
    %%%%%:  643-block  0
call    0 never executed
        -:  644:
    #####:  645:  std::string format = GetOutputFormat();
call    0 never executed
branch  1 never executed
branch  2 never executed
    %%%%%:  645-block  0
call    3 never executed
    $$$$$:  645-block  1
call    4 never executed
    #####:  646:  if (format.empty()) format = std::string(kDefaultOutputFormat);
    %%%%%:  646-block  0
call    0 never executed
branch  1 never executed
branch  2 never executed
    %%%%%:  646-block  1
call    3 never executed
call    4 never executed
branch  5 never executed
branch  6 never executed
    %%%%%:  646-block  2
call    7 never executed
call    8 never executed
call    9 never executed
    $$$$$:  646-block  3
call   10 never executed
    $$$$$:  646-block  4
        -:  647:
    #####:  648:  const char* const colon = strchr(gtest_output_flag, ':');
    #####:  649:  if (colon == nullptr)
    %%%%%:  649-block  0
branch  0 never executed
branch  1 never executed
    #####:  650:    return internal::FilePath::MakeFileName(
    %%%%%:  650-block  0
call    0 never executed
    %%%%%:  650-block  1
call    1 never executed
branch  2 never executed
branch  3 never executed
    %%%%%:  650-block  2
call    4 never executed
    $$$$$:  650-block  3
call    5 never executed
    $$$$$:  650-block  4
    #####:  651:               internal::FilePath(
    %%%%%:  651-block  0
call    0 never executed
call    1 never executed
branch  2 never executed
branch  3 never executed
    %%%%%:  651-block  1
call    4 never executed
call    5 never executed
branch  6 never executed
branch  7 never executed
    %%%%%:  651-block  2
call    8 never executed
branch  9 never executed
branch 10 never executed
call   11 never executed
call   12 never executed
call   13 never executed
    $$$$$:  651-block  3
call   14 never executed
    $$$$$:  651-block  4
    $$$$$:  651-block  5
call   15 never executed
    $$$$$:  651-block  6
    $$$$$:  651-block  7
call   16 never executed
    $$$$$:  651-block  8
        -:  652:                   UnitTest::GetInstance()->original_working_dir()),
    #####:  653:               internal::FilePath(kDefaultOutputFile), 0, format.c_str())
call    0 never executed
call    1 never executed
branch  2 never executed
branch  3 never executed
    %%%%%:  653-block  0
call    4 never executed
branch  5 never executed
branch  6 never executed
call    7 never executed
call    8 never executed
call    9 never executed
    $$$$$:  653-block  1
call   10 never executed
    $$$$$:  653-block  2
    $$$$$:  653-block  3
call   11 never executed
    $$$$$:  653-block  4
    $$$$$:  653-block  5
call   12 never executed
    $$$$$:  653-block  6
    #####:  654:        .string();
    %%%%%:  654-block  0
call    0 never executed
call    1 never executed
branch  2 never executed
branch  3 never executed
        -:  655:
    #####:  656:  internal::FilePath output_name(colon + 1);
    %%%%%:  656-block  0
call    0 never executed
call    1 never executed
branch  2 never executed
branch  3 never executed
    %%%%%:  656-block  1
call    4 never executed
branch  5 never executed
branch  6 never executed
call    7 never executed
    %%%%%:  656-block  2
call    8 never executed
    $$$$$:  656-block  3
    $$$$$:  656-block  4
    $$$$$:  656-block  5
call    9 never executed
    #####:  657:  if (!output_name.IsAbsolutePath())
call    0 never executed
branch  1 never executed
branch  2 never executed
    #####:  658:    output_name = internal::FilePath::ConcatPaths(
    %%%%%:  658-block  0
call    0 never executed
branch  1 never executed
branch  2 never executed
    %%%%%:  658-block  1
call    3 never executed
    $$$$$:  658-block  2
call    4 never executed
    $$$$$:  658-block  3
    #####:  659:        internal::FilePath(UnitTest::GetInstance()->original_working_dir()),
    %%%%%:  659-block  0
call    0 never executed
call    1 never executed
branch  2 never executed
branch  3 never executed
    %%%%%:  659-block  1
call    4 never executed
call    5 never executed
branch  6 never executed
branch  7 never executed
    %%%%%:  659-block  2
call    8 never executed
branch  9 never executed
branch 10 never executed
call   11 never executed
call   12 never executed
call   13 never executed
    $$$$$:  659-block  3
call   14 never executed
    $$$$$:  659-block  4
    $$$$$:  659-block  5
call   15 never executed
    $$$$$:  659-block  6
    $$$$$:  659-block  7
call   16 never executed
    $$$$$:  659-block  8
    #####:  660:        internal::FilePath(colon + 1));
    %%%%%:  660-block  0
call    0 never executed
call    1 never executed
branch  2 never executed
branch  3 never executed
    %%%%%:  660-block  1
call    4 never executed
branch  5 never executed
branch  6 never executed
    %%%%%:  660-block  2
call    7 never executed
branch  8 never executed
branch  9 never executed
call   10 never executed
call   11 never executed
call   12 never executed
    $$$$$:  660-block  3
call   13 never executed
    $$$$$:  660-block  4
    $$$$$:  660-block  5
call   14 never executed
    $$$$$:  660-block  6
    $$$$$:  660-block  7
call   15 never executed
    $$$$$:  660-block  8
        -:  661:
    #####:  662:  if (!output_name.IsDirectory()) return output_name.string();
    %%%%%:  662-block  0
call    0 never executed
branch  1 never executed
branch  2 never executed
    %%%%%:  662-block  1
call    3 never executed
call    4 never executed
branch  5 never executed
branch  6 never executed
        -:  663:
        -:  664:  internal::FilePath result(internal::FilePath::GenerateUniqueFileName(
    #####:  665:      output_name, internal::GetCurrentExecutableName(),
call    0 never executed
branch  1 never executed
branch  2 never executed
call    3 never executed
    $$$$$:  665-block  0
    #####:  666:      GetOutputFormat().c_str()));
    %%%%%:  666-block  0
call    0 never executed
branch  1 never executed
branch  2 never executed
    %%%%%:  666-block  1
call    3 never executed
    %%%%%:  666-block  2
call    4 never executed
branch  5 never executed
branch  6 never executed
    %%%%%:  666-block  3
call    7 never executed
    $$$$$:  666-block  4
    $$$$$:  666-block  5
call    8 never executed
    #####:  667:  return result.string();
call    0 never executed
call    1 never executed
branch  2 never executed
branch  3 never executed
        -:  668:}
        -:  669:
        -:  670:// Returns true if and only if the wildcard pattern matches the string. Each
        -:  671:// pattern consists of regular characters, single-character wildcards (?), and
        -:  672:// multi-character wildcards (*).
        -:  673://
        -:  674:// This function implements a linear-time string globbing algorithm based on
        -:  675:// https://research.swtch.com/glob.
function _ZN7testing8internalL20PatternMatchesStringERKNSt7__cxx1112basic_stringIcSt11char_traitsIcESaIcEEEPKcSA_ called 27 returned 100% blocks executed 87%
       27:  676:static bool PatternMatchesString(const std::string& name_str,
        -:  677:                                 const char* pattern, const char* pattern_end) {
       27:  678:  const char* name = name_str.c_str();
       27:  678-block  0
call    0 returned 27
       27:  679:  const char* const name_begin = name;
       27:  680:  const char* const name_end = name + name_str.size();
call    0 returned 27
        -:  681:
       27:  682:  const char* pattern_next = pattern;
       27:  683:  const char* name_next = name;
        -:  684:
      643:  685:  while (pattern < pattern_end || name < name_end) {
      643:  685-block  0
branch  0 taken 144 (fallthrough)
branch  1 taken 499
      144:  685-block  1
branch  2 taken 139 (fallthrough)
branch  3 taken 5
      616:  685-block  2
      638:  686:    if (pattern < pattern_end) {
      638:  686-block  0
branch  0 taken 499 (fallthrough)
branch  1 taken 139
      499:  687:      switch (*pattern) {
      499:  687-block  0
branch  0 taken 183
branch  1 taken 0
branch  2 taken 316
      183:  688:        default:  // Match an ordinary character.
      183:  689:          if (name < name_end && *name == *pattern) {
      183:  689-block  0
branch  0 taken 171 (fallthrough)
branch  1 taken 12
      171:  689-block  1
branch  2 taken 1 (fallthrough)
branch  3 taken 170
        1:  690:            ++pattern;
        1:  691:            ++name;
        1:  692:            continue;
        1:  692-block  0
        -:  693:          }
      182:  694:          break;
      182:  694-block  0
    #####:  695:        case '?':  // Match any single character.
    #####:  696:          if (name < name_end) {
    %%%%%:  696-block  0
branch  0 never executed
branch  1 never executed
    #####:  697:            ++pattern;
    #####:  698:            ++name;
    #####:  699:            continue;
    %%%%%:  699-block  0
        -:  700:          }
    #####:  701:          break;
    %%%%%:  701-block  0
      316:  702:        case '*':
        -:  703:          // Match zero or more characters. Start by skipping over the wildcard
        -:  704:          // and matching zero characters from name. If that fails, restart and
        -:  705:          // match one more character than the last attempt.
      316:  706:          pattern_next = pattern;
      316:  707:          name_next = name + 1;
      316:  708:          ++pattern;
      316:  709:          continue;
      316:  709-block  0
        -:  710:      }
        -:  711:    }
        -:  712:    // Failed to match a character. Restart if possible.
      321:  713:    if (name_begin < name_next && name_next <= name_end) {
      321:  713-block  0
branch  0 taken 311 (fallthrough)
branch  1 taken 10
      311:  713-block  1
branch  2 taken 299 (fallthrough)
branch  3 taken 12
      299:  714:      pattern = pattern_next;
      299:  715:      name = name_next;
      299:  716:      continue;
      299:  716-block  0
        -:  717:    }
       22:  718:    return false;
       22:  718-block  0
        -:  719:  }
        5:  720:  return true;
        5:  720-block  0
        -:  721:}
        -:  722:
        -:  723:namespace {
        -:  724:
function _ZN7testing8internal12_GLOBAL__N_113IsGlobPatternERKNSt7__cxx1112basic_stringIcSt11char_traitsIcESaIcEEE called 5 returned 100% blocks executed 100%
        5:  725:bool IsGlobPattern(const std::string& pattern) {
       10:  726:  return std::any_of(pattern.begin(), pattern.end(),
        5:  726-block  0
call    0 returned 5
call    1 returned 5
call    2 returned 5
branch  3 taken 5 (fallthrough)
branch  4 taken 0 (throw)
        5:  726-block  1
function _ZZN7testing8internal12_GLOBAL__N_113IsGlobPatternERKNSt7__cxx1112basic_stringIcSt11char_traitsIcESaIcEEEENKUlcE_clEc called 14 returned 100% blocks executed 100%
       24:  727:                     [](const char c) { return c == '?' || c == '*'; });
        5:  727-block  0
        5:  727-block  1
       14:  727-block  2
branch  0 taken 14 (fallthrough)
branch  1 taken 0
       14:  727-block  3
branch  2 taken 5 (fallthrough)
branch  3 taken 9
        5:  727-block  4
        9:  727-block  5
       14:  727-block  6
        -:  728:}
        -:  729:
        -:  730:class UnitTestFilter {
        -:  731: public:
function _ZN7testing8internal12_GLOBAL__N_114UnitTestFilterC2Ev called 2 returned 100% blocks executed 100%
        2:  732:  UnitTestFilter() = default;
        2:  732-block  0
call    0 returned 2
call    1 returned 2
        -:  733:
        -:  734:  // Constructs a filter from a string of patterns separated by `:`.
function _ZN7testing8internal12_GLOBAL__N_114UnitTestFilterC2ERKNSt7__cxx1112basic_stringIcSt11char_traitsIcESaIcEEE called 3 returned 100% blocks executed 78%
        3:  735:  explicit UnitTestFilter(const std::string& filter) {
        3:  735-block  0
call    0 returned 3
call    1 returned 3
    $$$$$:  735-block  1
call    2 never executed
    $$$$$:  735-block  2
call    3 never executed
        -:  736:    // By design "" filter matches "" string.
        6:  737:    std::vector<std::string> all_patterns;
call    0 returned 3
        3:  737-block  0
call    1 returned 3
    $$$$$:  737-block  1
call    2 never executed
        3:  738:    SplitString(filter, ':', &all_patterns);
call    0 returned 3
branch  1 taken 3 (fallthrough)
branch  2 taken 0 (throw)
        -:  739:    const auto exact_match_patterns_begin = std::partition(
        3:  740:        all_patterns.begin(), all_patterns.end(), &IsGlobPattern);
        3:  740-block  0
call    0 returned 3
call    1 returned 3
call    2 returned 3
branch  3 taken 3 (fallthrough)
branch  4 taken 0 (throw)
        -:  741:
        6:  742:    glob_patterns_.reserve(static_cast<size_t>(
        3:  743:        std::distance(all_patterns.begin(), exact_match_patterns_begin)));
        3:  743-block  0
call    0 returned 3
call    1 returned 3
branch  2 taken 3 (fallthrough)
branch  3 taken 0 (throw)
        3:  743-block  1
call    4 returned 3
branch  5 taken 3 (fallthrough)
branch  6 taken 0 (throw)
        -:  744:    std::move(all_patterns.begin(), exact_match_patterns_begin,
        3:  745:              std::inserter(glob_patterns_, glob_patterns_.begin()));
        3:  745-block  0
call    0 returned 3
call    1 returned 3
branch  2 taken 3 (fallthrough)
branch  3 taken 0 (throw)
        3:  745-block  1
call    4 returned 3
call    5 returned 3
branch  6 taken 3 (fallthrough)
branch  7 taken 0 (throw)
        -:  746:    std::move(
        -:  747:        exact_match_patterns_begin, all_patterns.end(),
        3:  748:        std::inserter(exact_match_patterns_, exact_match_patterns_.begin()));
        3:  748-block  0
call    0 returned 3
call    1 returned 3
branch  2 taken 3 (fallthrough)
branch  3 taken 0 (throw)
        3:  748-block  1
call    4 returned 3
call    5 returned 3
branch  6 taken 3 (fallthrough)
branch  7 taken 0 (throw)
        3:  749:  }
        -:  750:
        -:  751:  // Returns true if and only if name matches at least one of the patterns in
        -:  752:  // the filter.
function _ZNK7testing8internal12_GLOBAL__N_114UnitTestFilter11MatchesNameERKNSt7__cxx1112basic_stringIcSt11char_traitsIcESaIcEEE called 21 returned 100% blocks executed 100%
       21:  753:  bool MatchesName(const std::string& name) const {
       42:  754:    return exact_match_patterns_.count(name) > 0 ||
       21:  754-block  0
call    0 returned 21
branch  1 taken 21 (fallthrough)
branch  2 taken 0
        5:  754-block  1
       16:  754-block  2
       21:  755:           std::any_of(glob_patterns_.begin(), glob_patterns_.end(),
       21:  755-block  0
call    0 returned 21
call    1 returned 21
call    2 returned 21
branch  3 taken 5 (fallthrough)
branch  4 taken 16
function _ZZNK7testing8internal12_GLOBAL__N_114UnitTestFilter11MatchesNameERKNSt7__cxx1112basic_stringIcSt11char_traitsIcESaIcEEEENKUlSA_E_clESA_ called 27 returned 100% blocks executed 100%
       54:  756:                       [&name](const std::string& pattern) {
       27:  757:                         return PatternMatchesString(
call    0 returned 27
call    1 returned 27
        -:  758:                             name, pattern.c_str(),
       54:  759:                             pattern.c_str() + pattern.size());
       27:  759-block  0
call    0 returned 27
call    1 returned 27
       21:  760:                       });
       21:  760-block  0
        -:  761:  }
        -:  762:
        -:  763: private:
        -:  764:  std::vector<std::string> glob_patterns_;
        -:  765:  std::unordered_set<std::string> exact_match_patterns_;
        -:  766:};
        -:  767:
        -:  768:class PositiveAndNegativeUnitTestFilter {
        -:  769: public:
        -:  770:  // Constructs a positive and a negative filter from a string. The string
        -:  771:  // contains a positive filter optionally followed by a '-' character and a
        -:  772:  // negative filter. In case only a negative filter is provided the positive
        -:  773:  // filter will be assumed "*".
        -:  774:  // A filter is a list of patterns separated by ':'.
function _ZN7testing8internal12_GLOBAL__N_133PositiveAndNegativeUnitTestFilterC2ERKNSt7__cxx1112basic_stringIcSt11char_traitsIcESaIcEEE called 1 returned 100% blocks executed 23%
        1:  775:  explicit PositiveAndNegativeUnitTestFilter(const std::string& filter) {
        1:  775-block  0
call    0 returned 1
call    1 returned 1
    $$$$$:  775-block  1
call    2 never executed
    $$$$$:  775-block  2
call    3 never executed
        2:  776:    std::vector<std::string> positive_and_negative_filters;
call    0 returned 1
        1:  776-block  0
call    1 returned 1
    $$$$$:  776-block  1
call    2 never executed
        -:  777:
        -:  778:    // NOTE: `SplitString` always returns a non-empty container.
        1:  779:    SplitString(filter, '-', &positive_and_negative_filters);
call    0 returned 1
branch  1 taken 1 (fallthrough)
branch  2 taken 0 (throw)
        1:  780:    const auto& positive_filter = positive_and_negative_filters.front();
        1:  780-block  0
call    0 returned 1
        -:  781:
        1:  782:    if (positive_and_negative_filters.size() > 1) {
call    0 returned 1
branch  1 taken 0 (fallthrough)
branch  2 taken 1
    #####:  783:      positive_filter_ = UnitTestFilter(
    %%%%%:  783-block  0
call    0 never executed
branch  1 never executed
branch  2 never executed
call    3 never executed
    #####:  784:          positive_filter.empty() ? kUniversalFilter : positive_filter);
    %%%%%:  784-block  0
call    0 never executed
branch  1 never executed
branch  2 never executed
    %%%%%:  784-block  1
call    3 never executed
call    4 never executed
branch  5 never executed
branch  6 never executed
    %%%%%:  784-block  2
call    7 never executed
branch  8 never executed
branch  9 never executed
    %%%%%:  784-block  3
call   10 never executed
call   11 never executed
branch 12 never executed
branch 13 never executed
    %%%%%:  784-block  4
call   14 never executed
    $$$$$:  784-block  5
call   15 never executed
    $$$$$:  784-block  6
    $$$$$:  784-block  7
branch 16 never executed
branch 17 never executed
    $$$$$:  784-block  8
call   18 never executed
    $$$$$:  784-block  9
        -:  785:
        -:  786:      // TODO(b/214626361): Fail on multiple '-' characters
        -:  787:      // For the moment to preserve old behavior we concatenate the rest of the
        -:  788:      // string parts with `-` as separator to generate the negative filter.
    #####:  789:      auto negative_filter_string = positive_and_negative_filters[1];
    %%%%%:  789-block  0
call    0 never executed
call    1 never executed
branch  2 never executed
branch  3 never executed
    $$$$$:  789-block  1
call    4 never executed
    #####:  790:      for (std::size_t i = 2; i < positive_and_negative_filters.size(); i++)
    %%%%%:  790-block  0
    %%%%%:  790-block  1
call    0 never executed
branch  1 never executed
branch  2 never executed
        -:  791:        negative_filter_string =
    #####:  792:            negative_filter_string + '-' + positive_and_negative_filters[i];
    %%%%%:  792-block  0
call    0 never executed
call    1 never executed
branch  2 never executed
branch  3 never executed
    %%%%%:  792-block  1
call    4 never executed
branch  5 never executed
branch  6 never executed
    %%%%%:  792-block  2
call    7 never executed
call    8 never executed
call    9 never executed
    $$$$$:  792-block  3
call   10 never executed
    $$$$$:  792-block  4
    #####:  793:      negative_filter_ = UnitTestFilter(negative_filter_string);
    %%%%%:  793-block  0
call    0 never executed
branch  1 never executed
branch  2 never executed
    %%%%%:  793-block  1
call    3 never executed
call    4 never executed
call    5 never executed
        -:  794:    } else {
        -:  795:      // In case we don't have a negative filter and positive filter is ""
        -:  796:      // we do not use kUniversalFilter by design as opposed to when we have a
        -:  797:      // negative filter.
        1:  798:      positive_filter_ = UnitTestFilter(positive_filter);
        1:  798-block  0
call    0 returned 1
branch  1 taken 1 (fallthrough)
branch  2 taken 0 (throw)
        1:  798-block  1
call    3 returned 1
call    4 returned 1
        -:  799:    }
        1:  800:  }
        -:  801:
        -:  802:  // Returns true if and only if test name (this is generated by appending test
        -:  803:  // suit name and test name via a '.' character) matches the positive filter
        -:  804:  // and does not match the negative filter.
function _ZNK7testing8internal12_GLOBAL__N_133PositiveAndNegativeUnitTestFilter11MatchesTestERKNSt7__cxx1112basic_stringIcSt11char_traitsIcESaIcEEESA_ called 5 returned 100% blocks executed 64%
        5:  805:  bool MatchesTest(const std::string& test_suite_name,
        -:  806:                   const std::string& test_name) const {
        5:  807:    return MatchesName(test_suite_name + "." + test_name);
        5:  807-block  0
call    0 returned 5
call    1 returned 5
branch  2 taken 5 (fallthrough)
branch  3 taken 0 (throw)
        5:  807-block  1
call    4 returned 5
branch  5 taken 5 (fallthrough)
branch  6 taken 0 (throw)
        5:  807-block  2
        5:  807-block  3
call    7 returned 5
call    8 returned 5
        5:  807-block  4
    $$$$$:  807-block  5
call    9 never executed
    $$$$$:  807-block  6
    $$$$$:  807-block  7
call   10 never executed
        -:  808:  }
        -:  809:
        -:  810:  // Returns true if and only if name matches the positive filter and does not
        -:  811:  // match the negative filter.
function _ZNK7testing8internal12_GLOBAL__N_133PositiveAndNegativeUnitTestFilter11MatchesNameERKNSt7__cxx1112basic_stringIcSt11char_traitsIcESaIcEEE called 5 returned 100% blocks executed 88%
        5:  812:  bool MatchesName(const std::string& name) const {
      10*:  813:    return positive_filter_.MatchesName(name) &&
        5:  813-block  0
call    0 returned 5
branch  1 taken 5 (fallthrough)
branch  2 taken 0
        5:  813-block  1
    %%%%%:  813-block  2
       10:  814:           !negative_filter_.MatchesName(name);
        5:  814-block  0
call    0 returned 5
branch  1 taken 5 (fallthrough)
branch  2 taken 0
        5:  814-block  1
        -:  815:  }
        -:  816:
        -:  817: private:
        -:  818:  UnitTestFilter positive_filter_;
        -:  819:  UnitTestFilter negative_filter_;
        -:  820:};
        -:  821:}  // namespace
        -:  822:
function _ZN7testing8internal15UnitTestOptions13MatchesFilterERKNSt7__cxx1112basic_stringIcSt11char_traitsIcESaIcEEEPKc called 0 returned 0% blocks executed 0%
    #####:  823:bool UnitTestOptions::MatchesFilter(const std::string& name_str,
        -:  824:                                    const char* filter) {
    #####:  825:  return UnitTestFilter(filter).MatchesName(name_str);
    %%%%%:  825-block  0
call    0 never executed
call    1 never executed
branch  2 never executed
branch  3 never executed
    %%%%%:  825-block  1
call    4 never executed
branch  5 never executed
branch  6 never executed
    %%%%%:  825-block  2
call    7 never executed
branch  8 never executed
branch  9 never executed
    %%%%%:  825-block  3
    %%%%%:  825-block  4
call   10 never executed
call   11 never executed
call   12 never executed
    %%%%%:  825-block  5
    $$$$$:  825-block  6
call   13 never executed
    $$$$$:  825-block  7
    $$$$$:  825-block  8
call   14 never executed
    $$$$$:  825-block  9
    $$$$$:  825-block 10
call   15 never executed
        -:  826:}
        -:  827:
        -:  828:// Returns true if and only if the user-specified filter matches the test
        -:  829:// suite name and the test name.
function _ZN7testing8internal15UnitTestOptions17FilterMatchesTestERKNSt7__cxx1112basic_stringIcSt11char_traitsIcESaIcEEES9_ called 0 returned 0% blocks executed 0%
    #####:  830:bool UnitTestOptions::FilterMatchesTest(const std::string& test_suite_name,
        -:  831:                                        const std::string& test_name) {
        -:  832:  // Split --gtest_filter at '-', if there is one, to separate into
        -:  833:  // positive filter and negative filter portions
    #####:  834:  return PositiveAndNegativeUnitTestFilter(GTEST_FLAG_GET(filter))
    %%%%%:  834-block  0
call    0 never executed
    %%%%%:  834-block  1
call    1 never executed
    $$$$$:  834-block  2
call    2 never executed
    #####:  835:      .MatchesTest(test_suite_name, test_name);
call    0 never executed
branch  1 never executed
branch  2 never executed
    %%%%%:  835-block  0
    %%%%%:  835-block  1
        -:  836:}
        -:  837:
        -:  838:#if GTEST_HAS_SEH
        -:  839:// Returns EXCEPTION_EXECUTE_HANDLER if Google Test should handle the
        -:  840:// given SEH exception, or EXCEPTION_CONTINUE_SEARCH otherwise.
        -:  841:// This function is useful as an __except condition.
        -:  842:int UnitTestOptions::GTestShouldProcessSEH(DWORD exception_code) {
        -:  843:  // Google Test should handle a SEH exception if:
        -:  844:  //   1. the user wants it to, AND
        -:  845:  //   2. this is not a breakpoint exception, AND
        -:  846:  //   3. this is not a C++ exception (VC++ implements them via SEH,
        -:  847:  //      apparently).
        -:  848:  //
        -:  849:  // SEH exception code for C++ exceptions.
        -:  850:  // (see http://support.microsoft.com/kb/185294 for more information).
        -:  851:  const DWORD kCxxExceptionCode = 0xe06d7363;
        -:  852:
        -:  853:  bool should_handle = true;
        -:  854:
        -:  855:  if (!GTEST_FLAG_GET(catch_exceptions))
        -:  856:    should_handle = false;
        -:  857:  else if (exception_code == EXCEPTION_BREAKPOINT)
        -:  858:    should_handle = false;
        -:  859:  else if (exception_code == kCxxExceptionCode)
[...]
branch  1 never executed
    #####: 6613:        argv[j] = argv[j + 1];
    %%%%%: 6613-block  0
        -: 6614:      }
        -: 6615:
        -: 6616:      // Decrements the argument count.
    #####: 6617:      (*argc)--;
        -: 6618:
        -: 6619:      // We also need to decrement the iterator as we just removed
        -: 6620:      // an element.
    #####: 6621:      i--;
    %%%%%: 6621-block  0
        -: 6622:    }
        -: 6623:  }
        -: 6624:
    #####: 6625:  if (g_help_flag) {
    %%%%%: 6625-block  0
branch  0 never executed
branch  1 never executed
        -: 6626:    // We print the help here instead of in RUN_ALL_TESTS(), as the
        -: 6627:    // latter may not be called at all if the user is using Google
        -: 6628:    // Test with another testing framework.
    #####: 6629:    PrintColorEncoded(kColorEncodedHelpMessage);
    %%%%%: 6629-block  0
call    0 never executed
branch  1 never executed
branch  2 never executed
        -: 6630:  }
    #####: 6631:}
------------------
_ZN7testing8internal28ParseGoogleTestFlagsOnlyImplIcEEvPiPPT_:
function _ZN7testing8internal28ParseGoogleTestFlagsOnlyImplIcEEvPiPPT_ called 1 returned 100% blocks executed 18%
        1: 6584:void ParseGoogleTestFlagsOnlyImpl(int* argc, CharType** argv) {
        2: 6585:  std::string flagfile_value;
        1: 6585-block  0
call    0 returned 1
        1: 6585-block  1
call    1 returned 1
    $$$$$: 6585-block  2
call    2 never executed
       1*: 6586:  for (int i = 1; i < *argc; i++) {
        1: 6586-block  0
branch  0 taken 0 (fallthrough)
branch  1 taken 1
    #####: 6587:    const std::string arg_string = StreamableToString(argv[i]);
    %%%%%: 6587-block  0
call    0 never executed
branch  1 never executed
branch  2 never executed
    %%%%%: 6587-block  1
call    3 never executed
    $$$$$: 6587-block  2
call    4 never executed
    #####: 6588:    const char* const arg = arg_string.c_str();
    %%%%%: 6588-block  0
call    0 never executed
        -: 6589:
        -: 6590:    using internal::ParseFlag;
        -: 6591:
    #####: 6592:    bool remove_flag = false;
    #####: 6593:    if (ParseGoogleTestFlag(arg)) {
call    0 never executed
branch  1 never executed
branch  2 never executed
    %%%%%: 6593-block  0
branch  3 never executed
branch  4 never executed
    #####: 6594:      remove_flag = true;
    %%%%%: 6594-block  0
        -: 6595:#if GTEST_USE_OWN_FLAGFILE_FLAG_
    #####: 6596:    } else if (ParseFlag(arg, "flagfile", &flagfile_value)) {
    %%%%%: 6596-block  0
call    0 never executed
branch  1 never executed
branch  2 never executed
    %%%%%: 6596-block  1
branch  3 never executed
branch  4 never executed
    #####: 6597:      GTEST_FLAG_SET(flagfile, flagfile_value);
    %%%%%: 6597-block  0
call    0 never executed
branch  1 never executed
branch  2 never executed
    #####: 6598:      LoadFlagsFromFile(flagfile_value);
    %%%%%: 6598-block  0
call    0 never executed
branch  1 never executed
branch  2 never executed
    #####: 6599:      remove_flag = true;
    %%%%%: 6599-block  0
        -: 6600:#endif  // GTEST_USE_OWN_FLAGFILE_FLAG_
    #####: 6601:    } else if (arg_string == "--help" || HasGoogleTestFlagPrefix(arg)) {
    %%%%%: 6601-block  0
call    0 never executed
branch  1 never executed
branch  2 never executed
    %%%%%: 6601-block  1
call    3 never executed
branch  4 never executed
branch  5 never executed
    %%%%%: 6601-block  2
    %%%%%: 6601-block  3
    %%%%%: 6601-block  4
branch  6 never executed
branch  7 never executed
        -: 6602:      // Both help flag and unrecognized Google Test flags (excluding
        -: 6603:      // internal ones) trigger help display.
    #####: 6604:      g_help_flag = true;
    %%%%%: 6604-block  0
        -: 6605:    }
        -: 6606:
    #####: 6607:    if (remove_flag) {
    %%%%%: 6607-block  0
branch  0 never executed
branch  1 never executed
        -: 6608:      // Shift the remainder of the argv list left by one.  Note
        -: 6609:      // that argv has (*argc + 1) elements, the last one always being
        -: 6610:      // NULL.  The following loop moves the trailing NULL element as
        -: 6611:      // well.
    #####: 6612:      for (int j = i; j != *argc; j++) {
    %%%%%: 6612-block  0
    %%%%%: 6612-block  1
branch  0 never executed
branch  1 never executed
    #####: 6613:        argv[j] = argv[j + 1];
    %%%%%: 6613-block  0
        -: 6614:      }
        -: 6615:
        -: 6616:      // Decrements the argument count.
    #####: 6617:      (*argc)--;
        -: 6618:
        -: 6619:      // We also need to decrement the iterator as we just removed
        -: 6620:      // an element.
    #####: 6621:      i--;
    %%%%%: 6621-block  0
        -: 6622:    }
        -: 6623:  }
        -: 6624:
        1: 6625:  if (g_help_flag) {
        1: 6625-block  0
branch  0 taken 0 (fallthrough)
branch  1 taken 1
        -: 6626:    // We print the help here instead of in RUN_ALL_TESTS(), as the
        -: 6627:    // latter may not be called at all if the user is using Google
        -: 6628:    // Test with another testing framework.
    #####: 6629:    PrintColorEncoded(kColorEncodedHelpMessage);
    %%%%%: 6629-block  0
call    0 never executed
branch  1 never executed
branch  2 never executed
        -: 6630:  }
        1: 6631:}
------------------
        -: 6632:
        -: 6633:// Parses the command line for Google Test flags, without initializing
        -: 6634:// other parts of Google Test.
function _ZN7testing8internal24ParseGoogleTestFlagsOnlyEPiPPc called 1 returned 100% blocks executed 100%
        1: 6635:void ParseGoogleTestFlagsOnly(int* argc, char** argv) {
        -: 6636:#if GTEST_HAS_ABSL
        -: 6637:  if (*argc > 0) {
        -: 6638:    // absl::ParseCommandLine() requires *argc > 0.
        -: 6639:    auto positional_args = absl::flags_internal::ParseCommandLineImpl(
        -: 6640:        *argc, argv, absl::flags_internal::ArgvListAction::kRemoveParsedArgs,
        -: 6641:        absl::flags_internal::UsageFlagsAction::kHandleUsage,
        -: 6642:        absl::flags_internal::OnUndefinedFlag::kReportUndefined);
        -: 6643:    // Any command-line positional arguments not part of any command-line flag
        -: 6644:    // (or arguments to a flag) are copied back out to argv, with the program
        -: 6645:    // invocation name at position 0, and argc is resized. This includes
        -: 6646:    // positional arguments after the flag-terminating delimiter '--'.
        -: 6647:    // See https://abseil.io/docs/cpp/guides/flags.
        -: 6648:    std::copy(positional_args.begin(), positional_args.end(), argv);
        -: 6649:    if (static_cast<int>(positional_args.size()) < *argc) {
        -: 6650:      argv[positional_args.size()] = nullptr;
        -: 6651:      *argc = static_cast<int>(positional_args.size());
        -: 6652:    }
        -: 6653:  }
        -: 6654:#else
        1: 6655:  ParseGoogleTestFlagsOnlyImpl(argc, argv);
        1: 6655-block  0
call    0 returned 1
        -: 6656:#endif
        -: 6657:
        -: 6658:  // Fix the value of *_NSGetArgc() on macOS, but if and only if
        -: 6659:  // *_NSGetArgv() == argv
        -: 6660:  // Only applicable to char** version of argv
        -: 6661:#if GTEST_OS_MAC
        -: 6662:#ifndef GTEST_OS_IOS
        -: 6663:  if (*_NSGetArgv() == argv) {
        -: 6664:    *_NSGetArgc() = *argc;
        -: 6665:  }
        -: 6666:#endif
        -: 6667:#endif
        1: 6668:}
function _ZN7testing8internal24ParseGoogleTestFlagsOnlyEPiPPw called 0 returned 0% blocks executed 0%
    #####: 6669:void ParseGoogleTestFlagsOnly(int* argc, wchar_t** argv) {
    #####: 6670:  ParseGoogleTestFlagsOnlyImpl(argc, argv);
    %%%%%: 6670-block  0
call    0 never executed
    #####: 6671:}
        -: 6672:
        -: 6673:// The internal implementation of InitGoogleTest().
        -: 6674://
        -: 6675:// The type parameter CharType can be instantiated to either char or
        -: 6676:// wchar_t.
        -: 6677:template <typename CharType>
       1*: 6678:void InitGoogleTestImpl(int* argc, CharType** argv) {
        -: 6679:  // We don't want to run the initialization code twice.
       1*: 6680:  if (GTestIsInitialized()) return;
        -: 6681:
       1*: 6682:  if (*argc <= 0) return;
        -: 6683:
       1*: 6684:  g_argvs.clear();
       2*: 6685:  for (int i = 0; i != *argc; i++) {
       1*: 6686:    g_argvs.push_back(StreamableToString(argv[i]));
        -: 6687:  }
        -: 6688:
        -: 6689:#if GTEST_HAS_ABSL
        -: 6690:  absl::InitializeSymbolizer(g_argvs[0].c_str());
        -: 6691:
        -: 6692:  // When using the Abseil Flags library, set the program usage message to the
        -: 6693:  // help message, but remove the color-encoding from the message first.
        -: 6694:  absl::SetProgramUsageMessage(absl::StrReplaceAll(
        -: 6695:      kColorEncodedHelpMessage,
        -: 6696:      {{"@D", ""}, {"@R", ""}, {"@G", ""}, {"@Y", ""}, {"@@", "@"}}));
        -: 6697:#endif  // GTEST_HAS_ABSL
        -: 6698:
       1*: 6699:  ParseGoogleTestFlagsOnly(argc, argv);
       1*: 6700:  GetUnitTestImpl()->PostFlagParsingInit();
        -: 6701:}
------------------
_ZN7testing8internal18InitGoogleTestImplIwEEvPiPPT_:
function _ZN7testing8internal18InitGoogleTestImplIwEEvPiPPT_ called 0 returned 0% blocks executed 0%
    #####: 6678:void InitGoogleTestImpl(int* argc, CharType** argv) {
        -: 6679:  // We don't want to run the initialization code twice.
    #####: 6680:  if (GTestIsInitialized()) return;
    %%%%%: 6680-block  0
call    0 never executed
branch  1 never executed
branch  2 never executed
    %%%%%: 6680-block  1
        -: 6681:
    #####: 6682:  if (*argc <= 0) return;
    %%%%%: 6682-block  0
branch  0 never executed
branch  1 never executed
    %%%%%: 6682-block  1
        -: 6683:
    #####: 6684:  g_argvs.clear();
    %%%%%: 6684-block  0
call    0 never executed
    #####: 6685:  for (int i = 0; i != *argc; i++) {
    %%%%%: 6685-block  0
branch  0 never executed
branch  1 never executed
    #####: 6686:    g_argvs.push_back(StreamableToString(argv[i]));
    %%%%%: 6686-block  0
call    0 never executed
call    1 never executed
branch  2 never executed
branch  3 never executed
    %%%%%: 6686-block  1
call    4 never executed
    $$$$$: 6686-block  2
call    5 never executed
        -: 6687:  }
        -: 6688:
        -: 6689:#if GTEST_HAS_ABSL
        -: 6690:  absl::InitializeSymbolizer(g_argvs[0].c_str());
        -: 6691:
        -: 6692:  // When using the Abseil Flags library, set the program usage message to the
        -: 6693:  // help message, but remove the color-encoding from the message first.
        -: 6694:  absl::SetProgramUsageMessage(absl::StrReplaceAll(
        -: 6695:      kColorEncodedHelpMessage,
        -: 6696:      {{"@D", ""}, {"@R", ""}, {"@G", ""}, {"@Y", ""}, {"@@", "@"}}));
        -: 6697:#endif  // GTEST_HAS_ABSL
        -: 6698:
    #####: 6699:  ParseGoogleTestFlagsOnly(argc, argv);
    %%%%%: 6699-block  0
call    0 never executed
    #####: 6700:  GetUnitTestImpl()->PostFlagParsingInit();
call    0 never executed
call    1 never executed
        -: 6701:}
------------------
_ZN7testing8internal18InitGoogleTestImplIcEEvPiPPT_:
function _ZN7testing8internal18InitGoogleTestImplIcEEvPiPPT_ called 1 returned 100% blocks executed 79%
        1: 6678:void InitGoogleTestImpl(int* argc, CharType** argv) {
        -: 6679:  // We don't want to run the initialization code twice.
       1*: 6680:  if (GTestIsInitialized()) return;
        1: 6680-block  0
call    0 returned 1
branch  1 taken 0 (fallthrough)
branch  2 taken 1
    %%%%%: 6680-block  1
        -: 6681:
       1*: 6682:  if (*argc <= 0) return;
        1: 6682-block  0
branch  0 taken 0 (fallthrough)
branch  1 taken 1
    %%%%%: 6682-block  1
        -: 6683:
        1: 6684:  g_argvs.clear();
        1: 6684-block  0
call    0 returned 1
        2: 6685:  for (int i = 0; i != *argc; i++) {
        2: 6685-block  0
branch  0 taken 1 (fallthrough)
branch  1 taken 1
        1: 6686:    g_argvs.push_back(StreamableToString(argv[i]));
        1: 6686-block  0
call    0 returned 1
call    1 returned 1
branch  2 taken 1 (fallthrough)
branch  3 taken 0 (throw)
        1: 6686-block  1
call    4 returned 1
    $$$$$: 6686-block  2
call    5 never executed
        -: 6687:  }
        -: 6688:
        -: 6689:#if GTEST_HAS_ABSL
        -: 6690:  absl::InitializeSymbolizer(g_argvs[0].c_str());
        -: 6691:
        -: 6692:  // When using the Abseil Flags library, set the program usage message to the
        -: 6693:  // help message, but remove the color-encoding from the message first.
        -: 6694:  absl::SetProgramUsageMessage(absl::StrReplaceAll(
        -: 6695:      kColorEncodedHelpMessage,
        -: 6696:      {{"@D", ""}, {"@R", ""}, {"@G", ""}, {"@Y", ""}, {"@@", "@"}}));
        -: 6697:#endif  // GTEST_HAS_ABSL
        -: 6698:
        1: 6699:  ParseGoogleTestFlagsOnly(argc, argv);
        1: 6699-block  0
call    0 returned 1
        1: 6700:  GetUnitTestImpl()->PostFlagParsingInit();
call    0 returned 1
call    1 returned 1
        -: 6701:}
------------------
        -: 6702:
        -: 6703:}  // namespace internal
        -: 6704:
        -: 6705:// Initializes Google Test.  This must be called before calling
        -: 6706:// RUN_ALL_TESTS().  In particular, it parses a command line for the
        -: 6707:// flags that Google Test recognizes.  Whenever a Google Test flag is
        -: 6708:// seen, it is removed from argv, and *argc is decremented.
        -: 6709://
        -: 6710:// No value is returned.  Instead, the Google Test flag variables are
        -: 6711:// updated.
        -: 6712://
        -: 6713:// Calling the function for the second time has no user-visible effect.
function _ZN7testing14InitGoogleTestEPiPPc called 1 returned 100% blocks executed 100%
        1: 6714:void InitGoogleTest(int* argc, char** argv) {
        -: 6715:#if defined(GTEST_CUSTOM_INIT_GOOGLE_TEST_FUNCTION_)
        -: 6716:  GTEST_CUSTOM_INIT_GOOGLE_TEST_FUNCTION_(argc, argv);
        -: 6717:#else   // defined(GTEST_CUSTOM_INIT_GOOGLE_TEST_FUNCTION_)
        1: 6718:  internal::InitGoogleTestImpl(argc, argv);
        1: 6718-block  0
call    0 returned 1
        -: 6719:#endif  // defined(GTEST_CUSTOM_INIT_GOOGLE_TEST_FUNCTION_)
        1: 6720:}
        -: 6721:
        -: 6722:// This overloaded version can be used in Windows programs compiled in
        -: 6723:// UNICODE mode.
function _ZN7testing14InitGoogleTestEPiPPw called 0 returned 0% blocks executed 0%
    #####: 6724:void InitGoogleTest(int* argc, wchar_t** argv) {
        -: 6725:#if defined(GTEST_CUSTOM_INIT_GOOGLE_TEST_FUNCTION_)
        -: 6726:  GTEST_CUSTOM_INIT_GOOGLE_TEST_FUNCTION_(argc, argv);
        -: 6727:#else   // defined(GTEST_CUSTOM_INIT_GOOGLE_TEST_FUNCTION_)
    #####: 6728:  internal::InitGoogleTestImpl(argc, argv);
    %%%%%: 6728-block  0
call    0 never executed
        -: 6729:#endif  // defined(GTEST_CUSTOM_INIT_GOOGLE_TEST_FUNCTION_)
    #####: 6730:}
        -: 6731:
        -: 6732:// This overloaded version can be used on Arduino/embedded platforms where
        -: 6733:// there is no argc/argv.
function _ZN7testing14InitGoogleTestEv called 0 returned 0% blocks executed 0%
    #####: 6734:void InitGoogleTest() {
        -: 6735:  // Since Arduino doesn't have a command line, fake out the argc/argv arguments
    #####: 6736:  int argc = 1;
    #####: 6737:  const auto arg0 = "dummy";
    #####: 6738:  char* argv0 = const_cast<char*>(arg0);
    #####: 6739:  char** argv = &argv0;
        -: 6740:
        -: 6741:#if defined(GTEST_CUSTOM_INIT_GOOGLE_TEST_FUNCTION_)
        -: 6742:  GTEST_CUSTOM_INIT_GOOGLE_TEST_FUNCTION_(&argc, argv);
        -: 6743:#else   // defined(GTEST_CUSTOM_INIT_GOOGLE_TEST_FUNCTION_)
    #####: 6744:  internal::InitGoogleTestImpl(&argc, argv);
    %%%%%: 6744-block  0
call    0 never executed
branch  1 never executed
branch  2 never executed
        -: 6745:#endif  // defined(GTEST_CUSTOM_INIT_GOOGLE_TEST_FUNCTION_)
    #####: 6746:}
    %%%%%: 6746-block  0
        -: 6747:
function _ZN7testing7TempDirB5cxx11Ev called 0 returned 0% blocks executed 0%
    #####: 6748:std::string TempDir() {
        -: 6749:#if defined(GTEST_CUSTOM_TEMPDIR_FUNCTION_)
        -: 6750:  return GTEST_CUSTOM_TEMPDIR_FUNCTION_();
        -: 6751:#elif GTEST_OS_WINDOWS_MOBILE
        -: 6752:  return "\\temp\\";
        -: 6753:#elif GTEST_OS_WINDOWS
        -: 6754:  const char* temp_dir = internal::posix::GetEnv("TEMP");
        -: 6755:  if (temp_dir == nullptr || temp_dir[0] == '\0') {
        -: 6756:    return "\\temp\\";
        -: 6757:  } else if (temp_dir[strlen(temp_dir) - 1] == '\\') {
        -: 6758:    return temp_dir;
        -: 6759:  } else {
        -: 6760:    return std::string(temp_dir) + "\\";
        -: 6761:  }
        -: 6762:#elif GTEST_OS_LINUX_ANDROID
        -: 6763:  const char* temp_dir = internal::posix::GetEnv("TEST_TMPDIR");
        -: 6764:  if (temp_dir == nullptr || temp_dir[0] == '\0') {
        -: 6765:    return "/data/local/tmp/";
        -: 6766:  } else {
        -: 6767:    return temp_dir;
        -: 6768:  }
        -: 6769:#elif GTEST_OS_LINUX
    #####: 6770:  const char* temp_dir = internal::posix::GetEnv("TEST_TMPDIR");
    %%%%%: 6770-block  0
call    0 never executed
    #####: 6771:  if (temp_dir == nullptr || temp_dir[0] == '\0') {
branch  0 never executed
branch  1 never executed
    %%%%%: 6771-block  0
branch  2 never executed
branch  3 never executed
    #####: 6772:    return "/tmp/";
    %%%%%: 6772-block  0
call    0 never executed
call    1 never executed
branch  2 never executed
branch  3 never executed
    %%%%%: 6772-block  1
call    4 never executed
    $$$$$: 6772-block  2
call    5 never executed
    $$$$$: 6772-block  3
        -: 6773:  } else {
    #####: 6774:    return temp_dir;
    %%%%%: 6774-block  0
call    0 never executed
call    1 never executed
branch  2 never executed
branch  3 never executed
    %%%%%: 6774-block  1
call    4 never executed
    $$$$$: 6774-block  2
call    5 never executed
    $$$$$: 6774-block  3
        -: 6775:  }
        -: 6776:#else
        -: 6777:  return "/tmp/";
        -: 6778:#endif  // GTEST_OS_WINDOWS_MOBILE
        -: 6779:}
        -: 6780:
        -: 6781:// Class ScopedTrace
        -: 6782:
        -: 6783:// Pushes the given source file location and message onto a per-thread
        -: 6784:// trace stack maintained by Google Test.
function _ZN7testing11ScopedTrace9PushTraceEPKciNSt7__cxx1112basic_stringIcSt11char_traitsIcESaIcEEE called 0 returned 0% blocks executed 0%
    #####: 6785:void ScopedTrace::PushTrace(const char* file, int line, std::string message) {
    #####: 6786:  internal::TraceInfo trace;
    %%%%%: 6786-block  0
call    0 never executed
    %%%%%: 6786-block  1
call    1 never executed
    $$$$$: 6786-block  2
call    2 never executed
    #####: 6787:  trace.file = file;
    #####: 6788:  trace.line = line;
    #####: 6789:  trace.message.swap(message);
call    0 never executed
        -: 6790:
    #####: 6791:  UnitTest::GetInstance()->PushGTestTrace(trace);
call    0 never executed
branch  1 never executed
branch  2 never executed
    %%%%%: 6791-block  0
call    3 never executed
branch  4 never executed
branch  5 never executed
    #####: 6792:}
        -: 6793:
        -: 6794:// Pops the info pushed by the c'tor.
function _ZN7testing11ScopedTraceD2Ev called 0 returned 0% blocks executed 0%
    #####: 6795:ScopedTrace::~ScopedTrace() GTEST_LOCK_EXCLUDED_(&UnitTest::mutex_) {
    #####: 6796:  UnitTest::GetInstance()->PopGTestTrace();
    %%%%%: 6796-block  0
call    0 never executed
call    1 never executed
    #####: 6797:}
        -: 6798:
        -: 6799:}  // namespace testing
